[ 2017-08-11T17:04:33+08:00 ] 127.0.0.1 /MyPcProject/admin.php?__hbt=1502442272249
INFO: [ app_begin ] --START--
INFO: ReadHtmlCache Behavior ::run [ RunTime:0.000670s ]
INFO: [ app_begin ] --END-- [ RunTime:0.000841s ]
INFO: [ view_parse ] --START--
NOTIC: [8192] preg_replace(): The /e modifier is deprecated, use preg_replace_callback instead D:\wamp64\www\MyPcProject\ThinkPHP\Lib\Template\ThinkTemplate.class.php Á¨¨ 273 Ë°å.
NOTIC: [8192] preg_replace(): The /e modifier is deprecated, use preg_replace_callback instead D:\wamp64\www\MyPcProject\ThinkPHP\Lib\Template\ThinkTemplate.class.php Á¨¨ 168 Ë°å.
NOTIC: [8192] preg_replace(): The /e modifier is deprecated, use preg_replace_callback instead D:\wamp64\www\MyPcProject\ThinkPHP\Lib\Template\ThinkTemplate.class.php Á¨¨ 404 Ë°å.
NOTIC: [8192] preg_replace(): The /e modifier is deprecated, use preg_replace_callback instead D:\wamp64\www\MyPcProject\ThinkPHP\Lib\Template\ThinkTemplate.class.php Á¨¨ 404 Ë°å.
NOTIC: [8192] preg_replace(): The /e modifier is deprecated, use preg_replace_callback instead D:\wamp64\www\MyPcProject\ThinkPHP\Lib\Template\ThinkTemplate.class.php Á¨¨ 404 Ë°å.
NOTIC: [8192] preg_replace(): The /e modifier is deprecated, use preg_replace_callback instead D:\wamp64\www\MyPcProject\ThinkPHP\Lib\Template\ThinkTemplate.class.php Á¨¨ 404 Ë°å.
NOTIC: [8192] preg_replace(): The /e modifier is deprecated, use preg_replace_callback instead D:\wamp64\www\MyPcProject\ThinkPHP\Lib\Template\ThinkTemplate.class.php Á¨¨ 404 Ë°å.
NOTIC: [8192] preg_replace(): The /e modifier is deprecated, use preg_replace_callback instead D:\wamp64\www\MyPcProject\ThinkPHP\Lib\Template\ThinkTemplate.class.php Á¨¨ 404 Ë°å.
NOTIC: [8192] preg_replace(): The /e modifier is deprecated, use preg_replace_callback instead D:\wamp64\www\MyPcProject\ThinkPHP\Lib\Template\ThinkTemplate.class.php Á¨¨ 404 Ë°å.
NOTIC: [8192] preg_replace(): The /e modifier is deprecated, use preg_replace_callback instead D:\wamp64\www\MyPcProject\ThinkPHP\Lib\Template\ThinkTemplate.class.php Á¨¨ 404 Ë°å.
NOTIC: [8192] preg_replace(): The /e modifier is deprecated, use preg_replace_callback instead D:\wamp64\www\MyPcProject\ThinkPHP\Lib\Template\ThinkTemplate.class.php Á¨¨ 404 Ë°å.
NOTIC: [8192] preg_replace(): The /e modifier is deprecated, use preg_replace_callback instead D:\wamp64\www\MyPcProject\ThinkPHP\Lib\Template\ThinkTemplate.class.php Á¨¨ 404 Ë°å.
NOTIC: [8192] preg_replace(): The /e modifier is deprecated, use preg_replace_callback instead D:\wamp64\www\MyPcProject\ThinkPHP\Lib\Template\ThinkTemplate.class.php Á¨¨ 404 Ë°å.
NOTIC: [8192] preg_replace(): The /e modifier is deprecated, use preg_replace_callback instead D:\wamp64\www\MyPcProject\ThinkPHP\Lib\Template\ThinkTemplate.class.php Á¨¨ 404 Ë°å.
NOTIC: [8192] preg_replace(): The /e modifier is deprecated, use preg_replace_callback instead D:\wamp64\www\MyPcProject\ThinkPHP\Lib\Template\ThinkTemplate.class.php Á¨¨ 399 Ë°å.
NOTIC: [8192] preg_replace(): The /e modifier is deprecated, use preg_replace_callback instead D:\wamp64\www\MyPcProject\ThinkPHP\Lib\Template\ThinkTemplate.class.php Á¨¨ 399 Ë°å.
NOTIC: [8192] preg_replace(): The /e modifier is deprecated, use preg_replace_callback instead D:\wamp64\www\MyPcProject\ThinkPHP\Lib\Template\ThinkTemplate.class.php Á¨¨ 404 Ë°å.
NOTIC: [8192] preg_replace(): The /e modifier is deprecated, use preg_replace_callback instead D:\wamp64\www\MyPcProject\ThinkPHP\Lib\Template\ThinkTemplate.class.php Á¨¨ 404 Ë°å.
NOTIC: [8192] preg_replace(): The /e modifier is deprecated, use preg_replace_callback instead D:\wamp64\www\MyPcProject\ThinkPHP\Lib\Template\ThinkTemplate.class.php Á¨¨ 404 Ë°å.
NOTIC: [8192] preg_replace(): The /e modifier is deprecated, use preg_replace_callback instead D:\wamp64\www\MyPcProject\ThinkPHP\Lib\Template\ThinkTemplate.class.php Á¨¨ 399 Ë°å.
NOTIC: [8192] preg_replace(): The /e modifier is deprecated, use preg_replace_callback instead D:\wamp64\www\MyPcProject\ThinkPHP\Lib\Template\ThinkTemplate.class.php Á¨¨ 404 Ë°å.
NOTIC: [8192] preg_replace(): The /e modifier is deprecated, use preg_replace_callback instead D:\wamp64\www\MyPcProject\ThinkPHP\Lib\Template\ThinkTemplate.class.php Á¨¨ 404 Ë°å.
NOTIC: [8192] preg_replace(): The /e modifier is deprecated, use preg_replace_callback instead D:\wamp64\www\MyPcProject\ThinkPHP\Lib\Template\ThinkTemplate.class.php Á¨¨ 404 Ë°å.
NOTIC: [8192] preg_replace(): The /e modifier is deprecated, use preg_replace_callback instead D:\wamp64\www\MyPcProject\ThinkPHP\Lib\Template\ThinkTemplate.class.php Á¨¨ 404 Ë°å.
NOTIC: [8192] preg_replace(): The /e modifier is deprecated, use preg_replace_callback instead D:\wamp64\www\MyPcProject\ThinkPHP\Lib\Template\ThinkTemplate.class.php Á¨¨ 404 Ë°å.
NOTIC: [8192] preg_replace(): The /e modifier is deprecated, use preg_replace_callback instead D:\wamp64\www\MyPcProject\ThinkPHP\Lib\Template\ThinkTemplate.class.php Á¨¨ 404 Ë°å.
NOTIC: [8192] preg_replace(): The /e modifier is deprecated, use preg_replace_callback instead D:\wamp64\www\MyPcProject\ThinkPHP\Lib\Template\ThinkTemplate.class.php Á¨¨ 404 Ë°å.
NOTIC: [8192] preg_replace(): The /e modifier is deprecated, use preg_replace_callback instead D:\wamp64\www\MyPcProject\ThinkPHP\Lib\Template\ThinkTemplate.class.php Á¨¨ 404 Ë°å.
NOTIC: [8192] preg_replace(): The /e modifier is deprecated, use preg_replace_callback instead D:\wamp64\www\MyPcProject\ThinkPHP\Lib\Template\ThinkTemplate.class.php Á¨¨ 404 Ë°å.
NOTIC: [8192] preg_replace(): The /e modifier is deprecated, use preg_replace_callback instead D:\wamp64\www\MyPcProject\ThinkPHP\Lib\Template\ThinkTemplate.class.php Á¨¨ 404 Ë°å.
NOTIC: [8192] preg_replace(): The /e modifier is deprecated, use preg_replace_callback instead D:\wamp64\www\MyPcProject\ThinkPHP\Lib\Template\ThinkTemplate.class.php Á¨¨ 404 Ë°å.
NOTIC: [8192] preg_replace(): The /e modifier is deprecated, use preg_replace_callback instead D:\wamp64\www\MyPcProject\ThinkPHP\Lib\Template\ThinkTemplate.class.php Á¨¨ 404 Ë°å.
NOTIC: [8192] preg_replace(): The /e modifier is deprecated, use preg_replace_callback instead D:\wamp64\www\MyPcProject\ThinkPHP\Lib\Template\ThinkTemplate.class.php Á¨¨ 404 Ë°å.
NOTIC: [8192] preg_replace(): The /e modifier is deprecated, use preg_replace_callback instead D:\wamp64\www\MyPcProject\ThinkPHP\Lib\Template\ThinkTemplate.class.php Á¨¨ 404 Ë°å.
NOTIC: [8192] preg_replace(): The /e modifier is deprecated, use preg_replace_callback instead D:\wamp64\www\MyPcProject\ThinkPHP\Lib\Template\ThinkTemplate.class.php Á¨¨ 404 Ë°å.
NOTIC: [8192] preg_replace(): The /e modifier is deprecated, use preg_replace_callback instead D:\wamp64\www\MyPcProject\ThinkPHP\Lib\Template\ThinkTemplate.class.php Á¨¨ 404 Ë°å.
NOTIC: [8192] preg_replace(): The /e modifier is deprecated, use preg_replace_callback instead D:\wamp64\www\MyPcProject\ThinkPHP\Lib\Template\ThinkTemplate.class.php Á¨¨ 404 Ë°å.
NOTIC: [8192] preg_replace(): The /e modifier is deprecated, use preg_replace_callback instead D:\wamp64\www\MyPcProject\ThinkPHP\Lib\Template\ThinkTemplate.class.php Á¨¨ 404 Ë°å.
NOTIC: [8192] preg_replace(): The /e modifier is deprecated, use preg_replace_callback instead D:\wamp64\www\MyPcProject\ThinkPHP\Lib\Template\ThinkTemplate.class.php Á¨¨ 404 Ë°å.
NOTIC: [8192] preg_replace(): The /e modifier is deprecated, use preg_replace_callback instead D:\wamp64\www\MyPcProject\ThinkPHP\Lib\Template\ThinkTemplate.class.php Á¨¨ 404 Ë°å.
NOTIC: [8192] preg_replace(): The /e modifier is deprecated, use preg_replace_callback instead D:\wamp64\www\MyPcProject\ThinkPHP\Lib\Template\ThinkTemplate.class.php Á¨¨ 404 Ë°å.
NOTIC: [8192] preg_replace(): The /e modifier is deprecated, use preg_replace_callback instead D:\wamp64\www\MyPcProject\ThinkPHP\Lib\Template\ThinkTemplate.class.php Á¨¨ 404 Ë°å.
NOTIC: [8192] preg_replace(): The /e modifier is deprecated, use preg_replace_callback instead D:\wamp64\www\MyPcProject\ThinkPHP\Lib\Template\ThinkTemplate.class.php Á¨¨ 404 Ë°å.
NOTIC: [8192] preg_replace(): The /e modifier is deprecated, use preg_replace_callback instead D:\wamp64\www\MyPcProject\ThinkPHP\Lib\Template\ThinkTemplate.class.php Á¨¨ 404 Ë°å.
NOTIC: [8192] preg_replace(): The /e modifier is deprecated, use preg_replace_callback instead D:\wamp64\www\MyPcProject\ThinkPHP\Lib\Template\ThinkTemplate.class.php Á¨¨ 404 Ë°å.
NOTIC: [8192] preg_replace(): The /e modifier is deprecated, use preg_replace_callback instead D:\wamp64\www\MyPcProject\ThinkPHP\Lib\Template\ThinkTemplate.class.php Á¨¨ 404 Ë°å.
NOTIC: [8192] preg_replace(): The /e modifier is deprecated, use preg_replace_callback instead D:\wamp64\www\MyPcProject\ThinkPHP\Lib\Template\ThinkTemplate.class.php Á¨¨ 404 Ë°å.
NOTIC: [8192] preg_replace(): The /e modifier is deprecated, use preg_replace_callback instead D:\wamp64\www\MyPcProject\ThinkPHP\Lib\Template\ThinkTemplate.class.php Á¨¨ 404 Ë°å.
NOTIC: [8192] preg_replace(): The /e modifier is deprecated, use preg_replace_callback instead D:\wamp64\www\MyPcProject\ThinkPHP\Lib\Template\ThinkTemplate.class.php Á¨¨ 404 Ë°å.
NOTIC: [8192] preg_replace(): The /e modifier is deprecated, use preg_replace_callback instead D:\wamp64\www\MyPcProject\ThinkPHP\Lib\Template\ThinkTemplate.class.php Á¨¨ 404 Ë°å.
NOTIC: [8192] preg_replace(): The /e modifier is deprecated, use preg_replace_callback instead D:\wamp64\www\MyPcProject\ThinkPHP\Lib\Template\ThinkTemplate.class.php Á¨¨ 404 Ë°å.
NOTIC: [8192] preg_replace(): The /e modifier is deprecated, use preg_replace_callback instead D:\wamp64\www\MyPcProject\ThinkPHP\Lib\Template\ThinkTemplate.class.php Á¨¨ 404 Ë°å.
NOTIC: [8192] preg_replace(): The /e modifier is deprecated, use preg_replace_callback instead D:\wamp64\www\MyPcProject\ThinkPHP\Lib\Template\ThinkTemplate.class.php Á¨¨ 404 Ë°å.
NOTIC: [8192] preg_replace(): The /e modifier is deprecated, use preg_replace_callback instead D:\wamp64\www\MyPcProject\ThinkPHP\Lib\Template\ThinkTemplate.class.php Á¨¨ 404 Ë°å.
NOTIC: [8192] preg_replace(): The /e modifier is deprecated, use preg_replace_callback instead D:\wamp64\www\MyPcProject\ThinkPHP\Lib\Template\ThinkTemplate.class.php Á¨¨ 404 Ë°å.
NOTIC: [8192] preg_replace(): The /e modifier is deprecated, use preg_replace_callback instead D:\wamp64\www\MyPcProject\ThinkPHP\Lib\Template\ThinkTemplate.class.php Á¨¨ 404 Ë°å.
NOTIC: [8192] preg_replace(): The /e modifier is deprecated, use preg_replace_callback instead D:\wamp64\www\MyPcProject\ThinkPHP\Lib\Template\ThinkTemplate.class.php Á¨¨ 404 Ë°å.
NOTIC: [8192] preg_replace(): The /e modifier is deprecated, use preg_replace_callback instead D:\wamp64\www\MyPcProject\ThinkPHP\Lib\Template\ThinkTemplate.class.php Á¨¨ 404 Ë°å.
NOTIC: [8192] preg_replace(): The /e modifier is deprecated, use preg_replace_callback instead D:\wamp64\www\MyPcProject\ThinkPHP\Lib\Template\ThinkTemplate.class.php Á¨¨ 404 Ë°å.
NOTIC: [8192] preg_replace(): The /e modifier is deprecated, use preg_replace_callback instead D:\wamp64\www\MyPcProject\ThinkPHP\Lib\Template\ThinkTemplate.class.php Á¨¨ 404 Ë°å.
NOTIC: [8192] preg_replace(): The /e modifier is deprecated, use preg_replace_callback instead D:\wamp64\www\MyPcProject\ThinkPHP\Lib\Template\ThinkTemplate.class.php Á¨¨ 404 Ë°å.
NOTIC: [8192] preg_replace(): The /e modifier is deprecated, use preg_replace_callback instead D:\wamp64\www\MyPcProject\ThinkPHP\Lib\Template\ThinkTemplate.class.php Á¨¨ 404 Ë°å.
NOTIC: [8192] preg_replace(): The /e modifier is deprecated, use preg_replace_callback instead D:\wamp64\www\MyPcProject\ThinkPHP\Lib\Template\ThinkTemplate.class.php Á¨¨ 404 Ë°å.
NOTIC: [8192] preg_replace(): The /e modifier is deprecated, use preg_replace_callback instead D:\wamp64\www\MyPcProject\ThinkPHP\Lib\Template\ThinkTemplate.class.php Á¨¨ 404 Ë°å.
NOTIC: [8192] preg_replace(): The /e modifier is deprecated, use preg_replace_callback instead D:\wamp64\www\MyPcProject\ThinkPHP\Lib\Template\ThinkTemplate.class.php Á¨¨ 404 Ë°å.
NOTIC: [8192] preg_replace(): The /e modifier is deprecated, use preg_replace_callback instead D:\wamp64\www\MyPcProject\ThinkPHP\Lib\Template\ThinkTemplate.class.php Á¨¨ 404 Ë°å.
NOTIC: [8192] preg_replace(): The /e modifier is deprecated, use preg_replace_callback instead D:\wamp64\www\MyPcProject\ThinkPHP\Lib\Template\ThinkTemplate.class.php Á¨¨ 404 Ë°å.
NOTIC: [8192] preg_replace(): The /e modifier is deprecated, use preg_replace_callback instead D:\wamp64\www\MyPcProject\ThinkPHP\Lib\Template\ThinkTemplate.class.php Á¨¨ 404 Ë°å.
NOTIC: [8192] preg_replace(): The /e modifier is deprecated, use preg_replace_callback instead D:\wamp64\www\MyPcProject\ThinkPHP\Lib\Template\ThinkTemplate.class.php Á¨¨ 404 Ë°å.
NOTIC: [8192] preg_replace(): The /e modifier is deprecated, use preg_replace_callback instead D:\wamp64\www\MyPcProject\ThinkPHP\Lib\Template\ThinkTemplate.class.php Á¨¨ 404 Ë°å.
NOTIC: [8192] preg_replace(): The /e modifier is deprecated, use preg_replace_callback instead D:\wamp64\www\MyPcProject\ThinkPHP\Lib\Template\ThinkTemplate.class.php Á¨¨ 404 Ë°å.
NOTIC: [8192] preg_replace(): The /e modifier is deprecated, use preg_replace_callback instead D:\wamp64\www\MyPcProject\ThinkPHP\Lib\Template\ThinkTemplate.class.php Á¨¨ 404 Ë°å.
NOTIC: [8192] preg_replace(): The /e modifier is deprecated, use preg_replace_callback instead D:\wamp64\www\MyPcProject\ThinkPHP\Lib\Template\ThinkTemplate.class.php Á¨¨ 404 Ë°å.
NOTIC: [8192] preg_replace(): The /e modifier is deprecated, use preg_replace_callback instead D:\wamp64\www\MyPcProject\ThinkPHP\Lib\Template\ThinkTemplate.class.php Á¨¨ 404 Ë°å.
NOTIC: [8192] preg_replace(): The /e modifier is deprecated, use preg_replace_callback instead D:\wamp64\www\MyPcProject\ThinkPHP\Lib\Template\ThinkTemplate.class.php Á¨¨ 404 Ë°å.
NOTIC: [8192] preg_replace(): The /e modifier is deprecated, use preg_replace_callback instead D:\wamp64\www\MyPcProject\ThinkPHP\Lib\Template\ThinkTemplate.class.php Á¨¨ 404 Ë°å.
NOTIC: [8192] preg_replace(): The /e modifier is deprecated, use preg_replace_callback instead D:\wamp64\www\MyPcProject\ThinkPHP\Lib\Template\ThinkTemplate.class.php Á¨¨ 404 Ë°å.
NOTIC: [8192] preg_replace(): The /e modifier is deprecated, use preg_replace_callback instead D:\wamp64\www\MyPcProject\ThinkPHP\Lib\Template\ThinkTemplate.class.php Á¨¨ 404 Ë°å.
NOTIC: [8192] preg_replace(): The /e modifier is deprecated, use preg_replace_callback instead D:\wamp64\www\MyPcProject\ThinkPHP\Lib\Template\ThinkTemplate.class.php Á¨¨ 404 Ë°å.
NOTIC: [8192] preg_replace(): The /e modifier is deprecated, use preg_replace_callback instead D:\wamp64\www\MyPcProject\ThinkPHP\Lib\Template\ThinkTemplate.class.php Á¨¨ 404 Ë°å.
NOTIC: [8192] preg_replace(): The /e modifier is deprecated, use preg_replace_callback instead D:\wamp64\www\MyPcProject\ThinkPHP\Lib\Template\ThinkTemplate.class.php Á¨¨ 404 Ë°å.
NOTIC: [8192] preg_replace(): The /e modifier is deprecated, use preg_replace_callback instead D:\wamp64\www\MyPcProject\ThinkPHP\Lib\Template\ThinkTemplate.class.php Á¨¨ 404 Ë°å.
NOTIC: [8192] preg_replace(): The /e modifier is deprecated, use preg_replace_callback instead D:\wamp64\www\MyPcProject\ThinkPHP\Lib\Template\ThinkTemplate.class.php Á¨¨ 404 Ë°å.
NOTIC: [8192] preg_replace(): The /e modifier is deprecated, use preg_replace_callback instead D:\wamp64\www\MyPcProject\ThinkPHP\Lib\Template\ThinkTemplate.class.php Á¨¨ 404 Ë°å.
NOTIC: [8192] preg_replace(): The /e modifier is deprecated, use preg_replace_callback instead D:\wamp64\www\MyPcProject\ThinkPHP\Lib\Template\ThinkTemplate.class.php Á¨¨ 404 Ë°å.
NOTIC: [8192] preg_replace(): The /e modifier is deprecated, use preg_replace_callback instead D:\wamp64\www\MyPcProject\ThinkPHP\Lib\Template\ThinkTemplate.class.php Á¨¨ 404 Ë°å.
NOTIC: [8192] preg_replace(): The /e modifier is deprecated, use preg_replace_callback instead D:\wamp64\www\MyPcProject\ThinkPHP\Lib\Template\ThinkTemplate.class.php Á¨¨ 399 Ë°å.
NOTIC: [8192] preg_replace(): The /e modifier is deprecated, use preg_replace_callback instead D:\wamp64\www\MyPcProject\ThinkPHP\Lib\Template\ThinkTemplate.class.php Á¨¨ 399 Ë°å.
NOTIC: [8192] preg_replace(): The /e modifier is deprecated, use preg_replace_callback instead D:\wamp64\www\MyPcProject\ThinkPHP\Lib\Template\ThinkTemplate.class.php Á¨¨ 399 Ë°å.
NOTIC: [8192] preg_replace(): The /e modifier is deprecated, use preg_replace_callback instead D:\wamp64\www\MyPcProject\ThinkPHP\Lib\Template\ThinkTemplate.class.php Á¨¨ 399 Ë°å.
NOTIC: [8192] preg_replace(): The /e modifier is deprecated, use preg_replace_callback instead D:\wamp64\www\MyPcProject\ThinkPHP\Lib\Template\ThinkTemplate.class.php Á¨¨ 399 Ë°å.
NOTIC: [8192] preg_replace(): The /e modifier is deprecated, use preg_replace_callback instead D:\wamp64\www\MyPcProject\ThinkPHP\Lib\Template\ThinkTemplate.class.php Á¨¨ 399 Ë°å.
NOTIC: [8192] preg_replace(): The /e modifier is deprecated, use preg_replace_callback instead D:\wamp64\www\MyPcProject\ThinkPHP\Lib\Template\ThinkTemplate.class.php Á¨¨ 404 Ë°å.
NOTIC: [8192] preg_replace(): The /e modifier is deprecated, use preg_replace_callback instead D:\wamp64\www\MyPcProject\ThinkPHP\Lib\Template\ThinkTemplate.class.php Á¨¨ 404 Ë°å.
NOTIC: [8192] preg_replace(): The /e modifier is deprecated, use preg_replace_callback instead D:\wamp64\www\MyPcProject\ThinkPHP\Lib\Template\ThinkTemplate.class.php Á¨¨ 404 Ë°å.
NOTIC: [8192] preg_replace(): The /e modifier is deprecated, use preg_replace_callback instead D:\wamp64\www\MyPcProject\ThinkPHP\Lib\Template\ThinkTemplate.class.php Á¨¨ 197 Ë°å.
NOTIC: [8192] preg_replace(): The /e modifier is deprecated, use preg_replace_callback instead D:\wamp64\www\MyPcProject\ThinkPHP\Lib\Template\ThinkTemplate.class.php Á¨¨ 137 Ë°å.
INFO: ParseTemplate Behavior ::run [ RunTime:0.028393s ]
INFO: [ view_parse ] --END-- [ RunTime:0.028564s ]
INFO: [ view_filter ] --START--
INFO: ContentReplace Behavior ::run [ RunTime:0.000745s ]
INFO: TokenBuild Behavior ::run [ RunTime:0.000559s ]
INFO: WriteHtmlCache Behavior ::run [ RunTime:0.000359s ]
INFO: ShowRuntime Behavior ::run [ RunTime:0.000529s ]
INFO: [ view_filter ] --END-- [ RunTime:0.002577s ]
INFO: [ view_end ] --START--
INFO: ShowPageTrace Behavior ::run [ RunTime:0.001018s ]
INFO: [ view_end ] --END-- [ RunTime:0.001297s ]

[ 2017-08-11T17:04:40+08:00 ] 127.0.0.1 /MyPcProject/admin.php/Index/checkUsers
INFO: [ route_check ] --START--
INFO: CheckRoute Behavior ::run [ RunTime:0.000653s ]
INFO: [ route_check ] --END-- [ RunTime:0.000830s ]
NOTIC: [8192] preg_replace(): The /e modifier is deprecated, use preg_replace_callback instead D:\wamp64\www\MyPcProject\ThinkPHP\Lib\Core\Dispatcher.class.php Á¨¨ 132 Ë°å.
INFO: [ app_begin ] --START--
INFO: ReadHtmlCache Behavior ::run [ RunTime:0.000514s ]
INFO: [ app_begin ] --END-- [ RunTime:0.000667s ]
NOTIC: [8192] mysql_connect(): The mysql extension is deprecated and will be removed in the future: use mysqli or PDO instead D:\wamp64\www\MyPcProject\ThinkPHP\Lib\Driver\Db\DbMysql.class.php Á¨¨ 55 Ë°å.
SQL: SHOW COLUMNS FROM `admin_index` [ RunTime:0.042955s ]
ERR: 1146:Table 'bdm293207604_db.admin_index' doesn't exist
 [ SQLËØ≠Âè• ] : SHOW COLUMNS FROM `admin_index`
SQL: SHOW COLUMNS FROM `admin_users` [ RunTime:0.032214s ]
NOTIC: [8192] preg_replace(): The /e modifier is deprecated, use preg_replace_callback instead D:\wamp64\www\MyPcProject\ThinkPHP\Lib\Core\Db.class.php Á¨¨ 605 Ë°å.
SQL: SELECT * FROM `admin_users` WHERE ( `name` = 'Ê≤àÈáëÊ∂\å' ) AND ( `pwd` = '123456' ) LIMIT 1   [ RunTime:0.033166s ]

[ 2017-08-11T17:04:40+08:00 ] 127.0.0.1 /MyPcProject/admin.php/Shop/index
INFO: [ route_check ] --START--
INFO: CheckRoute Behavior ::run [ RunTime:0.000642s ]
INFO: [ route_check ] --END-- [ RunTime:0.000836s ]
NOTIC: [8192] preg_replace(): The /e modifier is deprecated, use preg_replace_callback instead D:\wamp64\www\MyPcProject\ThinkPHP\Lib\Core\Dispatcher.class.php Á¨¨ 132 Ë°å.
INFO: [ app_begin ] --START--
INFO: ReadHtmlCache Behavior ::run [ RunTime:0.000567s ]
INFO: [ app_begin ] --END-- [ RunTime:0.000728s ]
INFO: [ view_parse ] --START--
NOTIC: [8192] preg_replace(): The /e modifier is deprecated, use preg_replace_callback instead D:\wamp64\www\MyPcProject\ThinkPHP\Lib\Template\ThinkTemplate.class.php Á¨¨ 273 Ë°å.
NOTIC: [8192] preg_replace(): The /e modifier is deprecated, use preg_replace_callback instead D:\wamp64\www\MyPcProject\ThinkPHP\Lib\Template\ThinkTemplate.class.php Á¨¨ 168 Ë°å.
NOTIC: [8192] preg_replace(): The /e modifier is deprecated, use preg_replace_callback instead D:\wamp64\www\MyPcProject\ThinkPHP\Lib\Template\ThinkTemplate.class.php Á¨¨ 404 Ë°å.
NOTIC: [8192] preg_replace(): The /e modifier is deprecated, use preg_replace_callback instead D:\wamp64\www\MyPcProject\ThinkPHP\Lib\Template\ThinkTemplate.class.php Á¨¨ 404 Ë°å.
NOTIC: [8192] preg_replace(): The /e modifier is deprecated, use preg_replace_callback instead D:\wamp64\www\MyPcProject\ThinkPHP\Lib\Template\ThinkTemplate.class.php Á¨¨ 404 Ë°å.
NOTIC: [8192] preg_replace(): The /e modifier is deprecated, use preg_replace_callback instead D:\wamp64\www\MyPcProject\ThinkPHP\Lib\Template\ThinkTemplate.class.php Á¨¨ 404 Ë°å.
NOTIC: [8192] preg_replace(): The /e modifier is deprecated, use preg_replace_callback instead D:\wamp64\www\MyPcProject\ThinkPHP\Lib\Template\ThinkTemplate.class.php Á¨¨ 404 Ë°å.
NOTIC: [8192] preg_replace(): The /e modifier is deprecated, use preg_replace_callback instead D:\wamp64\www\MyPcProject\ThinkPHP\Lib\Template\ThinkTemplate.class.php Á¨¨ 404 Ë°å.
NOTIC: [8192] preg_replace(): The /e modifier is deprecated, use preg_replace_callback instead D:\wamp64\www\MyPcProject\ThinkPHP\Lib\Template\ThinkTemplate.class.php Á¨¨ 404 Ë°å.
NOTIC: [8192] preg_replace(): The /e modifier is deprecated, use preg_replace_callback instead D:\wamp64\www\MyPcProject\ThinkPHP\Lib\Template\ThinkTemplate.class.php Á¨¨ 404 Ë°å.
NOTIC: [8192] preg_replace(): The /e modifier is deprecated, use preg_replace_callback instead D:\wamp64\www\MyPcProject\ThinkPHP\Lib\Template\ThinkTemplate.class.php Á¨¨ 404 Ë°å.
NOTIC: [8192] preg_replace(): The /e modifier is deprecated, use preg_replace_callback instead D:\wamp64\www\MyPcProject\ThinkPHP\Lib\Template\ThinkTemplate.class.php Á¨¨ 404 Ë°å.
NOTIC: [8192] preg_replace(): The /e modifier is deprecated, use preg_replace_callback instead D:\wamp64\www\MyPcProject\ThinkPHP\Lib\Template\ThinkTemplate.class.php Á¨¨ 404 Ë°å.
NOTIC: [8192] preg_replace(): The /e modifier is deprecated, use preg_replace_callback instead D:\wamp64\www\MyPcProject\ThinkPHP\Lib\Template\ThinkTemplate.class.php Á¨¨ 404 Ë°å.
NOTIC: [8192] preg_replace(): The /e modifier is deprecated, use preg_replace_callback instead D:\wamp64\www\MyPcProject\ThinkPHP\Lib\Template\ThinkTemplate.class.php Á¨¨ 399 Ë°å.
NOTIC: [8192] preg_replace(): The /e modifier is deprecated, use preg_replace_callback instead D:\wamp64\www\MyPcProject\ThinkPHP\Lib\Template\ThinkTemplate.class.php Á¨¨ 399 Ë°å.
NOTIC: [8192] preg_replace(): The /e modifier is deprecated, use preg_replace_callback instead D:\wamp64\www\MyPcProject\ThinkPHP\Lib\Template\ThinkTemplate.class.php Á¨¨ 404 Ë°å.
NOTIC: [8192] preg_replace(): The /e modifier is deprecated, use preg_replace_callback instead D:\wamp64\www\MyPcProject\ThinkPHP\Lib\Template\ThinkTemplate.class.php Á¨¨ 404 Ë°å.
NOTIC: [8192] preg_replace(): The /e modifier is deprecated, use preg_replace_callback instead D:\wamp64\www\MyPcProject\ThinkPHP\Lib\Template\ThinkTemplate.class.php Á¨¨ 404 Ë°å.
NOTIC: [8192] preg_replace(): The /e modifier is deprecated, use preg_replace_callback instead D:\wamp64\www\MyPcProject\ThinkPHP\Lib\Template\ThinkTemplate.class.php Á¨¨ 399 Ë°å.
NOTIC: [8192] preg_replace(): The /e modifier is deprecated, use preg_replace_callback instead D:\wamp64\www\MyPcProject\ThinkPHP\Lib\Template\ThinkTemplate.class.php Á¨¨ 404 Ë°å.
NOTIC: [8192] preg_replace(): The /e modifier is deprecated, use preg_replace_callback instead D:\wamp64\www\MyPcProject\ThinkPHP\Lib\Template\ThinkTemplate.class.php Á¨¨ 404 Ë°å.
NOTIC: [8192] preg_replace(): The /e modifier is deprecated, use preg_replace_callback instead D:\wamp64\www\MyPcProject\ThinkPHP\Lib\Template\ThinkTemplate.class.php Á¨¨ 404 Ë°å.
NOTIC: [8192] preg_replace(): The /e modifier is deprecated, use preg_replace_callback instead D:\wamp64\www\MyPcProject\ThinkPHP\Lib\Template\ThinkTemplate.class.php Á¨¨ 404 Ë°å.
NOTIC: [8192] preg_replace(): The /e modifier is deprecated, use preg_replace_callback instead D:\wamp64\www\MyPcProject\ThinkPHP\Lib\Template\ThinkTemplate.class.php Á¨¨ 404 Ë°å.
NOTIC: [8192] preg_replace(): The /e modifier is deprecated, use preg_replace_callback instead D:\wamp64\www\MyPcProject\ThinkPHP\Lib\Template\ThinkTemplate.class.php Á¨¨ 404 Ë°å.
NOTIC: [8192] preg_replace(): The /e modifier is deprecated, use preg_replace_callback instead D:\wamp64\www\MyPcProject\ThinkPHP\Lib\Template\ThinkTemplate.class.php Á¨¨ 404 Ë°å.
NOTIC: [8192] preg_replace(): The /e modifier is deprecated, use preg_replace_callback instead D:\wamp64\www\MyPcProject\ThinkPHP\Lib\Template\ThinkTemplate.class.php Á¨¨ 404 Ë°å.
NOTIC: [8192] preg_replace(): The /e modifier is deprecated, use preg_replace_callback instead D:\wamp64\www\MyPcProject\ThinkPHP\Lib\Template\ThinkTemplate.class.php Á¨¨ 404 Ë°å.
NOTIC: [8192] preg_replace(): The /e modifier is deprecated, use preg_replace_callback instead D:\wamp64\www\MyPcProject\ThinkPHP\Lib\Template\ThinkTemplate.class.php Á¨¨ 404 Ë°å.
NOTIC: [8192] preg_replace(): The /e modifier is deprecated, use preg_replace_callback instead D:\wamp64\www\MyPcProject\ThinkPHP\Lib\Template\ThinkTemplate.class.php Á¨¨ 404 Ë°å.
NOTIC: [8192] preg_replace(): The /e modifier is deprecated, use preg_replace_callback instead D:\wamp64\www\MyPcProject\ThinkPHP\Lib\Template\ThinkTemplate.class.php Á¨¨ 404 Ë°å.
NOTIC: [8192] preg_replace(): The /e modifier is deprecated, use preg_replace_callback instead D:\wamp64\www\MyPcProject\ThinkPHP\Lib\Template\ThinkTemplate.class.php Á¨¨ 404 Ë°å.
NOTIC: [8192] preg_replace(): The /e modifier is deprecated, use preg_replace_callback instead D:\wamp64\www\MyPcProject\ThinkPHP\Lib\Template\ThinkTemplate.class.php Á¨¨ 404 Ë°å.
NOTIC: [8192] preg_replace(): The /e modifier is deprecated, use preg_replace_callback instead D:\wamp64\www\MyPcProject\ThinkPHP\Lib\Template\ThinkTemplate.class.php Á¨¨ 404 Ë°å.
NOTIC: [8192] preg_replace(): The /e modifier is deprecated, use preg_replace_callback instead D:\wamp64\www\MyPcProject\ThinkPHP\Lib\Template\ThinkTemplate.class.php Á¨¨ 404 Ë°å.
NOTIC: [8192] preg_replace(): The /e modifier is deprecated, use preg_replace_callback instead D:\wamp64\www\MyPcProject\ThinkPHP\Lib\Template\ThinkTemplate.class.php Á¨¨ 404 Ë°å.
NOTIC: [8192] preg_replace(): The /e modifier is deprecated, use preg_replace_callback instead D:\wamp64\www\MyPcProject\ThinkPHP\Lib\Template\ThinkTemplate.class.php Á¨¨ 404 Ë°å.
NOTIC: [8192] preg_replace(): The /e modifier is deprecated, use preg_replace_callback instead D:\wamp64\www\MyPcProject\ThinkPHP\Lib\Template\ThinkTemplate.class.php Á¨¨ 404 Ë°å.
NOTIC: [8192] preg_replace(): The /e modifier is deprecated, use preg_replace_callback instead D:\wamp64\www\MyPcProject\ThinkPHP\Lib\Template\ThinkTemplate.class.php Á¨¨ 404 Ë°å.
NOTIC: [8192] preg_replace(): The /e modifier is deprecated, use preg_replace_callback instead D:\wamp64\www\MyPcProject\ThinkPHP\Lib\Template\ThinkTemplate.class.php Á¨¨ 404 Ë°å.
NOTIC: [8192] preg_replace(): The /e modifier is deprecated, use preg_replace_callback instead D:\wamp64\www\MyPcProject\ThinkPHP\Lib\Template\ThinkTemplate.class.php Á¨¨ 404 Ë°å.
NOTIC: [8192] preg_replace(): The /e modifier is deprecated, use preg_replace_callback instead D:\wamp64\www\MyPcProject\ThinkPHP\Lib\Template\ThinkTemplate.class.php Á¨¨ 404 Ë°å.
NOTIC: [8192] preg_replace(): The /e modifier is deprecated, use preg_replace_callback instead D:\wamp64\www\MyPcProject\ThinkPHP\Lib\Template\ThinkTemplate.class.php Á¨¨ 404 Ë°å.
NOTIC: [8192] preg_replace(): The /e modifier is deprecated, use preg_replace_callback instead D:\wamp64\www\MyPcProject\ThinkPHP\Lib\Template\ThinkTemplate.class.php Á¨¨ 404 Ë°å.
NOTIC: [8192] preg_replace(): The /e modifier is deprecated, use preg_replace_callback instead D:\wamp64\www\MyPcProject\ThinkPHP\Lib\Template\ThinkTemplate.class.php Á¨¨ 404 Ë°å.
NOTIC: [8192] preg_replace(): The /e modifier is deprecated, use preg_replace_callback instead D:\wamp64\www\MyPcProject\ThinkPHP\Lib\Template\ThinkTemplate.class.php Á¨¨ 404 Ë°å.
NOTIC: [8192] preg_replace(): The /e modifier is deprecated, use preg_replace_callback instead D:\wamp64\www\MyPcProject\ThinkPHP\Lib\Template\ThinkTemplate.class.php Á¨¨ 404 Ë°å.
NOTIC: [8192] preg_replace(): The /e modifier is deprecated, use preg_replace_callback instead D:\wamp64\www\MyPcProject\ThinkPHP\Lib\Template\ThinkTemplate.class.php Á¨¨ 404 Ë°å.
NOTIC: [8192] preg_replace(): The /e modifier is deprecated, use preg_replace_callback instead D:\wamp64\www\MyPcProject\ThinkPHP\Lib\Template\ThinkTemplate.class.php Á¨¨ 404 Ë°å.
NOTIC: [8192] preg_replace(): The /e modifier is deprecated, use preg_replace_callback instead D:\wamp64\www\MyPcProject\ThinkPHP\Lib\Template\ThinkTemplate.class.php Á¨¨ 404 Ë°å.
NOTIC: [8192] preg_replace(): The /e modifier is deprecated, use preg_replace_callback instead D:\wamp64\www\MyPcProject\ThinkPHP\Lib\Template\ThinkTemplate.class.php Á¨¨ 404 Ë°å.
NOTIC: [8192] preg_replace(): The /e modifier is deprecated, use preg_replace_callback instead D:\wamp64\www\MyPcProject\ThinkPHP\Lib\Template\ThinkTemplate.class.php Á¨¨ 404 Ë°å.
NOTIC: [8192] preg_replace(): The /e modifier is deprecated, use preg_replace_callback instead D:\wamp64\www\MyPcProject\ThinkPHP\Lib\Template\ThinkTemplate.class.php Á¨¨ 404 Ë°å.
NOTIC: [8192] preg_replace(): The /e modifier is deprecated, use preg_replace_callback instead D:\wamp64\www\MyPcProject\ThinkPHP\Lib\Template\ThinkTemplate.class.php Á¨¨ 404 Ë°å.
NOTIC: [8192] preg_replace(): The /e modifier is deprecated, use preg_replace_callback instead D:\wamp64\www\MyPcProject\ThinkPHP\Lib\Template\ThinkTemplate.class.php Á¨¨ 404 Ë°å.
NOTIC: [8192] preg_replace(): The /e modifier is deprecated, use preg_replace_callback instead D:\wamp64\www\MyPcProject\ThinkPHP\Lib\Template\ThinkTemplate.class.php Á¨¨ 404 Ë°å.
NOTIC: [8192] preg_replace(): The /e modifier is deprecated, use preg_replace_callback instead D:\wamp64\www\MyPcProject\ThinkPHP\Lib\Template\ThinkTemplate.class.php Á¨¨ 404 Ë°å.
NOTIC: [8192] preg_replace(): The /e modifier is deprecated, use preg_replace_callback instead D:\wamp64\www\MyPcProject\ThinkPHP\Lib\Template\ThinkTemplate.class.php Á¨¨ 404 Ë°å.
NOTIC: [8192] preg_replace(): The /e modifier is deprecated, use preg_replace_callback instead D:\wamp64\www\MyPcProject\ThinkPHP\Lib\Template\ThinkTemplate.class.php Á¨¨ 404 Ë°å.
NOTIC: [8192] preg_replace(): The /e modifier is deprecated, use preg_replace_callback instead D:\wamp64\www\MyPcProject\ThinkPHP\Lib\Template\ThinkTemplate.class.php Á¨¨ 404 Ë°å.
NOTIC: [8192] preg_replace(): The /e modifier is deprecated, use preg_replace_callback instead D:\wamp64\www\MyPcProject\ThinkPHP\Lib\Template\ThinkTemplate.class.php Á¨¨ 404 Ë°å.
NOTIC: [8192] preg_replace(): The /e modifier is deprecated, use preg_replace_callback instead D:\wamp64\www\MyPcProject\ThinkPHP\Lib\Template\ThinkTemplate.class.php Á¨¨ 404 Ë°å.
NOTIC: [8192] preg_replace(): The /e modifier is deprecated, use preg_replace_callback instead D:\wamp64\www\MyPcProject\ThinkPHP\Lib\Template\ThinkTemplate.class.php Á¨¨ 404 Ë°å.
NOTIC: [8192] preg_replace(): The /e modifier is deprecated, use preg_replace_callback instead D:\wamp64\www\MyPcProject\ThinkPHP\Lib\Template\ThinkTemplate.class.php Á¨¨ 404 Ë°å.
NOTIC: [8192] preg_replace(): The /e modifier is deprecated, use preg_replace_callback instead D:\wamp64\www\MyPcProject\ThinkPHP\Lib\Template\ThinkTemplate.class.php Á¨¨ 404 Ë°å.
NOTIC: [8192] preg_replace(): The /e modifier is deprecated, use preg_replace_callback instead D:\wamp64\www\MyPcProject\ThinkPHP\Lib\Template\ThinkTemplate.class.php Á¨¨ 404 Ë°å.
NOTIC: [8192] preg_replace(): The /e modifier is deprecated, use preg_replace_callback instead D:\wamp64\www\MyPcProject\ThinkPHP\Lib\Template\ThinkTemplate.class.php Á¨¨ 404 Ë°å.
NOTIC: [8192] preg_replace(): The /e modifier is deprecated, use preg_replace_callback instead D:\wamp64\www\MyPcProject\ThinkPHP\Lib\Template\ThinkTemplate.class.php Á¨¨ 404 Ë°å.
NOTIC: [8192] preg_replace(): The /e modifier is deprecated, use preg_replace_callback instead D:\wamp64\www\MyPcProject\ThinkPHP\Lib\Template\ThinkTemplate.class.php Á¨¨ 404 Ë°å.
NOTIC: [8192] preg_replace(): The /e modifier is deprecated, use preg_replace_callback instead D:\wamp64\www\MyPcProject\ThinkPHP\Lib\Template\ThinkTemplate.class.php Á¨¨ 404 Ë°å.
NOTIC: [8192] preg_replace(): The /e modifier is deprecated, use preg_replace_callback instead D:\wamp64\www\MyPcProject\ThinkPHP\Lib\Template\ThinkTemplate.class.php Á¨¨ 404 Ë°å.
NOTIC: [8192] preg_replace(): The /e modifier is deprecated, use preg_replace_callback instead D:\wamp64\www\MyPcProject\ThinkPHP\Lib\Template\ThinkTemplate.class.php Á¨¨ 404 Ë°å.
NOTIC: [8192] preg_replace(): The /e modifier is deprecated, use preg_replace_callback instead D:\wamp64\www\MyPcProject\ThinkPHP\Lib\Template\ThinkTemplate.class.php Á¨¨ 404 Ë°å.
NOTIC: [8192] preg_replace(): The /e modifier is deprecated, use preg_replace_callback instead D:\wamp64\www\MyPcProject\ThinkPHP\Lib\Template\ThinkTemplate.class.php Á¨¨ 404 Ë°å.
NOTIC: [8192] preg_replace(): The /e modifier is deprecated, use preg_replace_callback instead D:\wamp64\www\MyPcProject\ThinkPHP\Lib\Template\ThinkTemplate.class.php Á¨¨ 404 Ë°å.
NOTIC: [8192] preg_replace(): The /e modifier is deprecated, use preg_replace_callback instead D:\wamp64\www\MyPcProject\ThinkPHP\Lib\Template\ThinkTemplate.class.php Á¨¨ 404 Ë°å.
NOTIC: [8192] preg_replace(): The /e modifier is deprecated, use preg_replace_callback instead D:\wamp64\www\MyPcProject\ThinkPHP\Lib\Template\ThinkTemplate.class.php Á¨¨ 404 Ë°å.
NOTIC: [8192] preg_replace(): The /e modifier is deprecated, use preg_replace_callback instead D:\wamp64\www\MyPcProject\ThinkPHP\Lib\Template\ThinkTemplate.class.php Á¨¨ 404 Ë°å.
NOTIC: [8192] preg_replace(): The /e modifier is deprecated, use preg_replace_callback instead D:\wamp64\www\MyPcProject\ThinkPHP\Lib\Template\ThinkTemplate.class.php Á¨¨ 404 Ë°å.
NOTIC: [8192] preg_replace(): The /e modifier is deprecated, use preg_replace_callback instead D:\wamp64\www\MyPcProject\ThinkPHP\Lib\Template\ThinkTemplate.class.php Á¨¨ 404 Ë°å.
NOTIC: [8192] preg_replace(): The /e modifier is deprecated, use preg_replace_callback instead D:\wamp64\www\MyPcProject\ThinkPHP\Lib\Template\ThinkTemplate.class.php Á¨¨ 404 Ë°å.
NOTIC: [8192] preg_replace(): The /e modifier is deprecated, use preg_replace_callback instead D:\wamp64\www\MyPcProject\ThinkPHP\Lib\Template\ThinkTemplate.class.php Á¨¨ 404 Ë°å.
NOTIC: [8192] preg_replace(): The /e modifier is deprecated, use preg_replace_callback instead D:\wamp64\www\MyPcProject\ThinkPHP\Lib\Template\ThinkTemplate.class.php Á¨¨ 404 Ë°å.
NOTIC: [8192] preg_replace(): The /e modifier is deprecated, use preg_replace_callback instead D:\wamp64\www\MyPcProject\ThinkPHP\Lib\Template\ThinkTemplate.class.php Á¨¨ 404 Ë°å.
NOTIC: [8192] preg_replace(): The /e modifier is deprecated, use preg_replace_callback instead D:\wamp64\www\MyPcProject\ThinkPHP\Lib\Template\ThinkTemplate.class.php Á¨¨ 404 Ë°å.
NOTIC: [8192] preg_replace(): The /e modifier is deprecated, use preg_replace_callback instead D:\wamp64\www\MyPcProject\ThinkPHP\Lib\Template\ThinkTemplate.class.php Á¨¨ 399 Ë°å.
NOTIC: [8192] preg_replace(): The /e modifier is deprecated, use preg_replace_callback instead D:\wamp64\www\MyPcProject\ThinkPHP\Lib\Template\ThinkTemplate.class.php Á¨¨ 399 Ë°å.
NOTIC: [8192] preg_replace(): The /e modifier is deprecated, use preg_replace_callback instead D:\wamp64\www\MyPcProject\ThinkPHP\Lib\Template\ThinkTemplate.class.php Á¨¨ 399 Ë°å.
NOTIC: [8192] preg_replace(): The /e modifier is deprecated, use preg_replace_callback instead D:\wamp64\www\MyPcProject\ThinkPHP\Lib\Template\ThinkTemplate.class.php Á¨¨ 399 Ë°å.
NOTIC: [8192] preg_replace(): The /e modifier is deprecated, use preg_replace_callback instead D:\wamp64\www\MyPcProject\ThinkPHP\Lib\Template\ThinkTemplate.class.php Á¨¨ 399 Ë°å.
NOTIC: [8192] preg_replace(): The /e modifier is deprecated, use preg_replace_callback instead D:\wamp64\www\MyPcProject\ThinkPHP\Lib\Template\ThinkTemplate.class.php Á¨¨ 399 Ë°å.
NOTIC: [8192] preg_replace(): The /e modifier is deprecated, use preg_replace_callback instead D:\wamp64\www\MyPcProject\ThinkPHP\Lib\Template\ThinkTemplate.class.php Á¨¨ 404 Ë°å.
NOTIC: [8192] preg_replace(): The /e modifier is deprecated, use preg_replace_callback instead D:\wamp64\www\MyPcProject\ThinkPHP\Lib\Template\ThinkTemplate.class.php Á¨¨ 404 Ë°å.
NOTIC: [8192] preg_replace(): The /e modifier is deprecated, use preg_replace_callback instead D:\wamp64\www\MyPcProject\ThinkPHP\Lib\Template\ThinkTemplate.class.php Á¨¨ 404 Ë°å.
NOTIC: [8192] preg_replace(): The /e modifier is deprecated, use preg_replace_callback instead D:\wamp64\www\MyPcProject\ThinkPHP\Lib\Template\ThinkTemplate.class.php Á¨¨ 197 Ë°å.
NOTIC: [8192] preg_replace(): The /e modifier is deprecated, use preg_replace_callback instead D:\wamp64\www\MyPcProject\ThinkPHP\Lib\Template\ThinkTemplate.class.php Á¨¨ 137 Ë°å.
INFO: ParseTemplate Behavior ::run [ RunTime:0.039777s ]
INFO: [ view_parse ] --END-- [ RunTime:0.039941s ]
INFO: [ view_filter ] --START--
INFO: ContentReplace Behavior ::run [ RunTime:0.000609s ]
INFO: TokenBuild Behavior ::run [ RunTime:0.000562s ]
INFO: WriteHtmlCache Behavior ::run [ RunTime:0.000292s ]
INFO: ShowRuntime Behavior ::run [ RunTime:0.000537s ]
INFO: [ view_filter ] --END-- [ RunTime:0.002367s ]
INFO: [ view_end ] --START--
INFO: ShowPageTrace Behavior ::run [ RunTime:0.000665s ]
INFO: [ view_end ] --END-- [ RunTime:0.000799s ]

[ 2017-08-11T17:04:41+08:00 ] 127.0.0.1 /MyPcProject/admin.php/Shop/simpleList
INFO: [ route_check ] --START--
INFO: CheckRoute Behavior ::run [ RunTime:0.000635s ]
INFO: [ route_check ] --END-- [ RunTime:0.000814s ]
NOTIC: [8192] preg_replace(): The /e modifier is deprecated, use preg_replace_callback instead D:\wamp64\www\MyPcProject\ThinkPHP\Lib\Core\Dispatcher.class.php Á¨¨ 132 Ë°å.
INFO: [ app_begin ] --START--
INFO: ReadHtmlCache Behavior ::run [ RunTime:0.000494s ]
INFO: [ app_begin ] --END-- [ RunTime:0.000626s ]
NOTIC: [8192] mysql_connect(): The mysql extension is deprecated and will be removed in the future: use mysqli or PDO instead D:\wamp64\www\MyPcProject\ThinkPHP\Lib\Driver\Db\DbMysql.class.php Á¨¨ 55 Ë°å.
SQL: SHOW COLUMNS FROM `admin_shop` [ RunTime:0.036886s ]
SQL: SHOW COLUMNS FROM `admin_images` [ RunTime:0.030334s ]
NOTIC: [8192] preg_replace(): The /e modifier is deprecated, use preg_replace_callback instead D:\wamp64\www\MyPcProject\ThinkPHP\Lib\Core\Db.class.php Á¨¨ 605 Ë°å.
SQL: SELECT * FROM `admin_images` ORDER BY addtime DESC  [ RunTime:0.079648s ]

[ 2017-08-11T17:04:43+08:00 ] 127.0.0.1 /MyPcProject/admin.php/Manage/manage
INFO: [ route_check ] --START--
INFO: CheckRoute Behavior ::run [ RunTime:0.000926s ]
INFO: [ route_check ] --END-- [ RunTime:0.001114s ]
NOTIC: [8192] preg_replace(): The /e modifier is deprecated, use preg_replace_callback instead D:\wamp64\www\MyPcProject\ThinkPHP\Lib\Core\Dispatcher.class.php Á¨¨ 132 Ë°å.
INFO: [ app_begin ] --START--
INFO: ReadHtmlCache Behavior ::run [ RunTime:0.000541s ]
INFO: [ app_begin ] --END-- [ RunTime:0.000676s ]
NOTIC: [8192] mysql_connect(): The mysql extension is deprecated and will be removed in the future: use mysqli or PDO instead D:\wamp64\www\MyPcProject\ThinkPHP\Lib\Driver\Db\DbMysql.class.php Á¨¨ 55 Ë°å.
SQL: SHOW COLUMNS FROM `admin_manage` [ RunTime:0.036326s ]
ERR: 1146:Table 'bdm293207604_db.admin_manage' doesn't exist
 [ SQLËØ≠Âè• ] : SHOW COLUMNS FROM `admin_manage`
NOTIC: [2] Missing argument 3 for ManageModel::getList(), called in D:\wamp64\www\MyPcProject\Admin\Lib\Action\ManageAction.class.php on line 5 and defined D:\wamp64\www\MyPcProject\Admin\Lib\Model\ManageModel.class.php Á¨¨ 3 Ë°å.
SQL: SHOW COLUMNS FROM `admin_images` [ RunTime:0.033338s ]
NOTIC: [8] Undefined variable: where D:\wamp64\www\MyPcProject\Admin\Lib\Model\ManageModel.class.php Á¨¨ 10 Ë°å.
NOTIC: [8192] preg_replace(): The /e modifier is deprecated, use preg_replace_callback instead D:\wamp64\www\MyPcProject\ThinkPHP\Lib\Core\Db.class.php Á¨¨ 605 Ë°å.
SQL: SELECT * FROM `admin_images` GROUP BY classify ORDER BY addtime DESC LIMIT 0,4   [ RunTime:0.036127s ]
NOTIC: [8192] preg_replace(): The /e modifier is deprecated, use preg_replace_callback instead D:\wamp64\www\MyPcProject\ThinkPHP\Lib\Core\Db.class.php Á¨¨ 605 Ë°å.
SQL: SELECT * FROM `admin_images` WHERE ( classify='100905' )  [ RunTime:0.032322s ]
NOTIC: [8192] preg_replace(): The /e modifier is deprecated, use preg_replace_callback instead D:\wamp64\www\MyPcProject\ThinkPHP\Lib\Core\Db.class.php Á¨¨ 605 Ë°å.
SQL: SELECT * FROM `admin_images` WHERE ( classify='100893' )  [ RunTime:0.032478s ]
NOTIC: [8192] preg_replace(): The /e modifier is deprecated, use preg_replace_callback instead D:\wamp64\www\MyPcProject\ThinkPHP\Lib\Core\Db.class.php Á¨¨ 605 Ë°å.
SQL: SELECT * FROM `admin_images` WHERE ( classify='100928' )  [ RunTime:0.034590s ]
NOTIC: [8192] preg_replace(): The /e modifier is deprecated, use preg_replace_callback instead D:\wamp64\www\MyPcProject\ThinkPHP\Lib\Core\Db.class.php Á¨¨ 605 Ë°å.
SQL: SELECT * FROM `admin_images` WHERE ( classify='100976' )  [ RunTime:0.072442s ]
NOTIC: [8192] preg_replace(): The /e modifier is deprecated, use preg_replace_callback instead D:\wamp64\www\MyPcProject\ThinkPHP\Lib\Core\Db.class.php Á¨¨ 605 Ë°å.
SQL: SELECT * FROM `admin_images` GROUP BY classify ORDER BY addtime DESC  [ RunTime:0.039186s ]
INFO: [ view_parse ] --START--
NOTIC: [8192] preg_replace(): The /e modifier is deprecated, use preg_replace_callback instead D:\wamp64\www\MyPcProject\ThinkPHP\Lib\Template\ThinkTemplate.class.php Á¨¨ 273 Ë°å.
NOTIC: [8192] preg_replace(): The /e modifier is deprecated, use preg_replace_callback instead D:\wamp64\www\MyPcProject\ThinkPHP\Lib\Template\ThinkTemplate.class.php Á¨¨ 168 Ë°å.
NOTIC: [8192] preg_replace(): The /e modifier is deprecated, use preg_replace_callback instead D:\wamp64\www\MyPcProject\ThinkPHP\Lib\Template\ThinkTemplate.class.php Á¨¨ 404 Ë°å.
NOTIC: [8192] preg_replace(): The /e modifier is deprecated, use preg_replace_callback instead D:\wamp64\www\MyPcProject\ThinkPHP\Lib\Template\ThinkTemplate.class.php Á¨¨ 404 Ë°å.
NOTIC: [8192] preg_replace(): The /e modifier is deprecated, use preg_replace_callback instead D:\wamp64\www\MyPcProject\ThinkPHP\Lib\Template\ThinkTemplate.class.php Á¨¨ 404 Ë°å.
NOTIC: [8192] preg_replace(): The /e modifier is deprecated, use preg_replace_callback instead D:\wamp64\www\MyPcProject\ThinkPHP\Lib\Template\ThinkTemplate.class.php Á¨¨ 404 Ë°å.
NOTIC: [8192] preg_replace(): The /e modifier is deprecated, use preg_replace_callback instead D:\wamp64\www\MyPcProject\ThinkPHP\Lib\Template\ThinkTemplate.class.php Á¨¨ 404 Ë°å.
NOTIC: [8192] preg_replace(): The /e modifier is deprecated, use preg_replace_callback instead D:\wamp64\www\MyPcProject\ThinkPHP\Lib\Template\ThinkTemplate.class.php Á¨¨ 404 Ë°å.
NOTIC: [8192] preg_replace(): The /e modifier is deprecated, use preg_replace_callback instead D:\wamp64\www\MyPcProject\ThinkPHP\Lib\Template\ThinkTemplate.class.php Á¨¨ 404 Ë°å.
NOTIC: [8192] preg_replace(): The /e modifier is deprecated, use preg_replace_callback instead D:\wamp64\www\MyPcProject\ThinkPHP\Lib\Template\ThinkTemplate.class.php Á¨¨ 404 Ë°å.
NOTIC: [8192] preg_replace(): The /e modifier is deprecated, use preg_replace_callback instead D:\wamp64\www\MyPcProject\ThinkPHP\Lib\Template\ThinkTemplate.class.php Á¨¨ 404 Ë°å.
NOTIC: [8192] preg_replace(): The /e modifier is deprecated, use preg_replace_callback instead D:\wamp64\www\MyPcProject\ThinkPHP\Lib\Template\ThinkTemplate.class.php Á¨¨ 404 Ë°å.
NOTIC: [8192] preg_replace(): The /e modifier is deprecated, use preg_replace_callback instead D:\wamp64\www\MyPcProject\ThinkPHP\Lib\Template\ThinkTemplate.class.php Á¨¨ 404 Ë°å.
NOTIC: [8192] preg_replace(): The /e modifier is deprecated, use preg_replace_callback instead D:\wamp64\www\MyPcProject\ThinkPHP\Lib\Template\ThinkTemplate.class.php Á¨¨ 404 Ë°å.
NOTIC: [8192] preg_replace(): The /e modifier is deprecated, use preg_replace_callback instead D:\wamp64\www\MyPcProject\ThinkPHP\Lib\Template\ThinkTemplate.class.php Á¨¨ 399 Ë°å.
NOTIC: [8192] preg_replace(): The /e modifier is deprecated, use preg_replace_callback instead D:\wamp64\www\MyPcProject\ThinkPHP\Lib\Template\ThinkTemplate.class.php Á¨¨ 399 Ë°å.
NOTIC: [8192] preg_replace(): The /e modifier is deprecated, use preg_replace_callback instead D:\wamp64\www\MyPcProject\ThinkPHP\Lib\Template\ThinkTemplate.class.php Á¨¨ 404 Ë°å.
NOTIC: [8192] preg_replace(): The /e modifier is deprecated, use preg_replace_callback instead D:\wamp64\www\MyPcProject\ThinkPHP\Lib\Template\ThinkTemplate.class.php Á¨¨ 404 Ë°å.
NOTIC: [8192] preg_replace(): The /e modifier is deprecated, use preg_replace_callback instead D:\wamp64\www\MyPcProject\ThinkPHP\Lib\Template\ThinkTemplate.class.php Á¨¨ 404 Ë°å.
NOTIC: [8192] preg_replace(): The /e modifier is deprecated, use preg_replace_callback instead D:\wamp64\www\MyPcProject\ThinkPHP\Lib\Template\ThinkTemplate.class.php Á¨¨ 399 Ë°å.
NOTIC: [8192] preg_replace(): The /e modifier is deprecated, use preg_replace_callback instead D:\wamp64\www\MyPcProject\ThinkPHP\Lib\Template\ThinkTemplate.class.php Á¨¨ 404 Ë°å.
NOTIC: [8192] preg_replace(): The /e modifier is deprecated, use preg_replace_callback instead D:\wamp64\www\MyPcProject\ThinkPHP\Lib\Template\ThinkTemplate.class.php Á¨¨ 404 Ë°å.
NOTIC: [8192] preg_replace(): The /e modifier is deprecated, use preg_replace_callback instead D:\wamp64\www\MyPcProject\ThinkPHP\Lib\Template\ThinkTemplate.class.php Á¨¨ 404 Ë°å.
NOTIC: [8192] preg_replace(): The /e modifier is deprecated, use preg_replace_callback instead D:\wamp64\www\MyPcProject\ThinkPHP\Lib\Template\ThinkTemplate.class.php Á¨¨ 404 Ë°å.
NOTIC: [8192] preg_replace(): The /e modifier is deprecated, use preg_replace_callback instead D:\wamp64\www\MyPcProject\ThinkPHP\Lib\Template\ThinkTemplate.class.php Á¨¨ 404 Ë°å.
NOTIC: [8192] preg_replace(): The /e modifier is deprecated, use preg_replace_callback instead D:\wamp64\www\MyPcProject\ThinkPHP\Lib\Template\ThinkTemplate.class.php Á¨¨ 404 Ë°å.
NOTIC: [8192] preg_replace(): The /e modifier is deprecated, use preg_replace_callback instead D:\wamp64\www\MyPcProject\ThinkPHP\Lib\Template\ThinkTemplate.class.php Á¨¨ 404 Ë°å.
NOTIC: [8192] preg_replace(): The /e modifier is deprecated, use preg_replace_callback instead D:\wamp64\www\MyPcProject\ThinkPHP\Lib\Template\ThinkTemplate.class.php Á¨¨ 404 Ë°å.
NOTIC: [8192] preg_replace(): The /e modifier is deprecated, use preg_replace_callback instead D:\wamp64\www\MyPcProject\ThinkPHP\Lib\Template\ThinkTemplate.class.php Á¨¨ 404 Ë°å.
NOTIC: [8192] preg_replace(): The /e modifier is deprecated, use preg_replace_callback instead D:\wamp64\www\MyPcProject\ThinkPHP\Lib\Template\ThinkTemplate.class.php Á¨¨ 404 Ë°å.
NOTIC: [8192] preg_replace(): The /e modifier is deprecated, use preg_replace_callback instead D:\wamp64\www\MyPcProject\ThinkPHP\Lib\Template\ThinkTemplate.class.php Á¨¨ 404 Ë°å.
NOTIC: [8192] preg_replace(): The /e modifier is deprecated, use preg_replace_callback instead D:\wamp64\www\MyPcProject\ThinkPHP\Lib\Template\ThinkTemplate.class.php Á¨¨ 404 Ë°å.
NOTIC: [8192] preg_replace(): The /e modifier is deprecated, use preg_replace_callback instead D:\wamp64\www\MyPcProject\ThinkPHP\Lib\Template\ThinkTemplate.class.php Á¨¨ 404 Ë°å.
NOTIC: [8192] preg_replace(): The /e modifier is deprecated, use preg_replace_callback instead D:\wamp64\www\MyPcProject\ThinkPHP\Lib\Template\ThinkTemplate.class.php Á¨¨ 404 Ë°å.
NOTIC: [8192] preg_replace(): The /e modifier is deprecated, use preg_replace_callback instead D:\wamp64\www\MyPcProject\ThinkPHP\Lib\Template\ThinkTemplate.class.php Á¨¨ 404 Ë°å.
NOTIC: [8192] preg_replace(): The /e modifier is deprecated, use preg_replace_callback instead D:\wamp64\www\MyPcProject\ThinkPHP\Lib\Template\ThinkTemplate.class.php Á¨¨ 404 Ë°å.
NOTIC: [8192] preg_replace(): The /e modifier is deprecated, use preg_replace_callback instead D:\wamp64\www\MyPcProject\ThinkPHP\Lib\Template\ThinkTemplate.class.php Á¨¨ 404 Ë°å.
NOTIC: [8192] preg_replace(): The /e modifier is deprecated, use preg_replace_callback instead D:\wamp64\www\MyPcProject\ThinkPHP\Lib\Template\ThinkTemplate.class.php Á¨¨ 404 Ë°å.
NOTIC: [8192] preg_replace(): The /e modifier is deprecated, use preg_replace_callback instead D:\wamp64\www\MyPcProject\ThinkPHP\Lib\Template\ThinkTemplate.class.php Á¨¨ 404 Ë°å.
NOTIC: [8192] preg_replace(): The /e modifier is deprecated, use preg_replace_callback instead D:\wamp64\www\MyPcProject\ThinkPHP\Lib\Template\ThinkTemplate.class.php Á¨¨ 404 Ë°å.
NOTIC: [8192] preg_replace(): The /e modifier is deprecated, use preg_replace_callback instead D:\wamp64\www\MyPcProject\ThinkPHP\Lib\Template\ThinkTemplate.class.php Á¨¨ 404 Ë°å.
NOTIC: [8192] preg_replace(): The /e modifier is deprecated, use preg_replace_callback instead D:\wamp64\www\MyPcProject\ThinkPHP\Lib\Template\ThinkTemplate.class.php Á¨¨ 404 Ë°å.
NOTIC: [8192] preg_replace(): The /e modifier is deprecated, use preg_replace_callback instead D:\wamp64\www\MyPcProject\ThinkPHP\Lib\Template\ThinkTemplate.class.php Á¨¨ 404 Ë°å.
NOTIC: [8192] preg_replace(): The /e modifier is deprecated, use preg_replace_callback instead D:\wamp64\www\MyPcProject\ThinkPHP\Lib\Template\ThinkTemplate.class.php Á¨¨ 404 Ë°å.
NOTIC: [8192] preg_replace(): The /e modifier is deprecated, use preg_replace_callback instead D:\wamp64\www\MyPcProject\ThinkPHP\Lib\Template\ThinkTemplate.class.php Á¨¨ 404 Ë°å.
NOTIC: [8192] preg_replace(): The /e modifier is deprecated, use preg_replace_callback instead D:\wamp64\www\MyPcProject\ThinkPHP\Lib\Template\ThinkTemplate.class.php Á¨¨ 404 Ë°å.
NOTIC: [8192] preg_replace(): The /e modifier is deprecated, use preg_replace_callback instead D:\wamp64\www\MyPcProject\ThinkPHP\Lib\Template\ThinkTemplate.class.php Á¨¨ 404 Ë°å.
NOTIC: [8192] preg_replace(): The /e modifier is deprecated, use preg_replace_callback instead D:\wamp64\www\MyPcProject\ThinkPHP\Lib\Template\ThinkTemplate.class.php Á¨¨ 404 Ë°å.
NOTIC: [8192] preg_replace(): The /e modifier is deprecated, use preg_replace_callback instead D:\wamp64\www\MyPcProject\ThinkPHP\Lib\Template\ThinkTemplate.class.php Á¨¨ 404 Ë°å.
NOTIC: [8192] preg_replace(): The /e modifier is deprecated, use preg_replace_callback instead D:\wamp64\www\MyPcProject\ThinkPHP\Lib\Template\ThinkTemplate.class.php Á¨¨ 404 Ë°å.
NOTIC: [8192] preg_replace(): The /e modifier is deprecated, use preg_replace_callback instead D:\wamp64\www\MyPcProject\ThinkPHP\Lib\Template\ThinkTemplate.class.php Á¨¨ 404 Ë°å.
NOTIC: [8192] preg_replace(): The /e modifier is deprecated, use preg_replace_callback instead D:\wamp64\www\MyPcProject\ThinkPHP\Lib\Template\ThinkTemplate.class.php Á¨¨ 404 Ë°å.
NOTIC: [8192] preg_replace(): The /e modifier is deprecated, use preg_replace_callback instead D:\wamp64\www\MyPcProject\ThinkPHP\Lib\Template\ThinkTemplate.class.php Á¨¨ 404 Ë°å.
NOTIC: [8192] preg_replace(): The /e modifier is deprecated, use preg_replace_callback instead D:\wamp64\www\MyPcProject\ThinkPHP\Lib\Template\ThinkTemplate.class.php Á¨¨ 404 Ë°å.
NOTIC: [8192] preg_replace(): The /e modifier is deprecated, use preg_replace_callback instead D:\wamp64\www\MyPcProject\ThinkPHP\Lib\Template\ThinkTemplate.class.php Á¨¨ 404 Ë°å.
NOTIC: [8192] preg_replace(): The /e modifier is deprecated, use preg_replace_callback instead D:\wamp64\www\MyPcProject\ThinkPHP\Lib\Template\ThinkTemplate.class.php Á¨¨ 404 Ë°å.
NOTIC: [8192] preg_replace(): The /e modifier is deprecated, use preg_replace_callback instead D:\wamp64\www\MyPcProject\ThinkPHP\Lib\Template\ThinkTemplate.class.php Á¨¨ 404 Ë°å.
NOTIC: [8192] preg_replace(): The /e modifier is deprecated, use preg_replace_callback instead D:\wamp64\www\MyPcProject\ThinkPHP\Lib\Template\ThinkTemplate.class.php Á¨¨ 404 Ë°å.
NOTIC: [8192] preg_replace(): The /e modifier is deprecated, use preg_replace_callback instead D:\wamp64\www\MyPcProject\ThinkPHP\Lib\Template\ThinkTemplate.class.php Á¨¨ 404 Ë°å.
NOTIC: [8192] preg_replace(): The /e modifier is deprecated, use preg_replace_callback instead D:\wamp64\www\MyPcProject\ThinkPHP\Lib\Template\ThinkTemplate.class.php Á¨¨ 404 Ë°å.
NOTIC: [8192] preg_replace(): The /e modifier is deprecated, use preg_replace_callback instead D:\wamp64\www\MyPcProject\ThinkPHP\Lib\Template\ThinkTemplate.class.php Á¨¨ 404 Ë°å.
NOTIC: [8192] preg_replace(): The /e modifier is deprecated, use preg_replace_callback instead D:\wamp64\www\MyPcProject\ThinkPHP\Lib\Template\ThinkTemplate.class.php Á¨¨ 404 Ë°å.
NOTIC: [8192] preg_replace(): The /e modifier is deprecated, use preg_replace_callback instead D:\wamp64\www\MyPcProject\ThinkPHP\Lib\Template\ThinkTemplate.class.php Á¨¨ 404 Ë°å.
NOTIC: [8192] preg_replace(): The /e modifier is deprecated, use preg_replace_callback instead D:\wamp64\www\MyPcProject\ThinkPHP\Lib\Template\ThinkTemplate.class.php Á¨¨ 404 Ë°å.
NOTIC: [8192] preg_replace(): The /e modifier is deprecated, use preg_replace_callback instead D:\wamp64\www\MyPcProject\ThinkPHP\Lib\Template\ThinkTemplate.class.php Á¨¨ 404 Ë°å.
NOTIC: [8192] preg_replace(): The /e modifier is deprecated, use preg_replace_callback instead D:\wamp64\www\MyPcProject\ThinkPHP\Lib\Template\ThinkTemplate.class.php Á¨¨ 404 Ë°å.
NOTIC: [8192] preg_replace(): The /e modifier is deprecated, use preg_replace_callback instead D:\wamp64\www\MyPcProject\ThinkPHP\Lib\Template\ThinkTemplate.class.php Á¨¨ 404 Ë°å.
NOTIC: [8192] preg_replace(): The /e modifier is deprecated, use preg_replace_callback instead D:\wamp64\www\MyPcProject\ThinkPHP\Lib\Template\ThinkTemplate.class.php Á¨¨ 404 Ë°å.
NOTIC: [8192] preg_replace(): The /e modifier is deprecated, use preg_replace_callback instead D:\wamp64\www\MyPcProject\ThinkPHP\Lib\Template\ThinkTemplate.class.php Á¨¨ 404 Ë°å.
NOTIC: [8192] preg_replace(): The /e modifier is deprecated, use preg_replace_callback instead D:\wamp64\www\MyPcProject\ThinkPHP\Lib\Template\ThinkTemplate.class.php Á¨¨ 404 Ë°å.
NOTIC: [8192] preg_replace(): The /e modifier is deprecated, use preg_replace_callback instead D:\wamp64\www\MyPcProject\ThinkPHP\Lib\Template\ThinkTemplate.class.php Á¨¨ 404 Ë°å.
NOTIC: [8192] preg_replace(): The /e modifier is deprecated, use preg_replace_callback instead D:\wamp64\www\MyPcProject\ThinkPHP\Lib\Template\ThinkTemplate.class.php Á¨¨ 404 Ë°å.
NOTIC: [8192] preg_replace(): The /e modifier is deprecated, use preg_replace_callback instead D:\wamp64\www\MyPcProject\ThinkPHP\Lib\Template\ThinkTemplate.class.php Á¨¨ 404 Ë°å.
NOTIC: [8192] preg_replace(): The /e modifier is deprecated, use preg_replace_callback instead D:\wamp64\www\MyPcProject\ThinkPHP\Lib\Template\ThinkTemplate.class.php Á¨¨ 404 Ë°å.
NOTIC: [8192] preg_replace(): The /e modifier is deprecated, use preg_replace_callback instead D:\wamp64\www\MyPcProject\ThinkPHP\Lib\Template\ThinkTemplate.class.php Á¨¨ 404 Ë°å.
NOTIC: [8192] preg_replace(): The /e modifier is deprecated, use preg_replace_callback instead D:\wamp64\www\MyPcProject\ThinkPHP\Lib\Template\ThinkTemplate.class.php Á¨¨ 404 Ë°å.
NOTIC: [8192] preg_replace(): The /e modifier is deprecated, use preg_replace_callback instead D:\wamp64\www\MyPcProject\ThinkPHP\Lib\Template\ThinkTemplate.class.php Á¨¨ 404 Ë°å.
NOTIC: [8192] preg_replace(): The /e modifier is deprecated, use preg_replace_callback instead D:\wamp64\www\MyPcProject\ThinkPHP\Lib\Template\ThinkTemplate.class.php Á¨¨ 404 Ë°å.
NOTIC: [8192] preg_replace(): The /e modifier is deprecated, use preg_replace_callback instead D:\wamp64\www\MyPcProject\ThinkPHP\Lib\Template\ThinkTemplate.class.php Á¨¨ 404 Ë°å.
NOTIC: [8192] preg_replace(): The /e modifier is deprecated, use preg_replace_callback instead D:\wamp64\www\MyPcProject\ThinkPHP\Lib\Template\ThinkTemplate.class.php Á¨¨ 404 Ë°å.
NOTIC: [8192] preg_replace(): The /e modifier is deprecated, use preg_replace_callback instead D:\wamp64\www\MyPcProject\ThinkPHP\Lib\Template\ThinkTemplate.class.php Á¨¨ 404 Ë°å.
NOTIC: [8192] preg_replace(): The /e modifier is deprecated, use preg_replace_callback instead D:\wamp64\www\MyPcProject\ThinkPHP\Lib\Template\ThinkTemplate.class.php Á¨¨ 404 Ë°å.
NOTIC: [8192] preg_replace(): The /e modifier is deprecated, use preg_replace_callback instead D:\wamp64\www\MyPcProject\ThinkPHP\Lib\Template\ThinkTemplate.class.php Á¨¨ 404 Ë°å.
NOTIC: [8192] preg_replace(): The /e modifier is deprecated, use preg_replace_callback instead D:\wamp64\www\MyPcProject\ThinkPHP\Lib\Template\ThinkTemplate.class.php Á¨¨ 404 Ë°å.
NOTIC: [8192] preg_replace(): The /e modifier is deprecated, use preg_replace_callback instead D:\wamp64\www\MyPcProject\ThinkPHP\Lib\Template\ThinkTemplate.class.php Á¨¨ 404 Ë°å.
NOTIC: [8192] preg_replace(): The /e modifier is deprecated, use preg_replace_callback instead D:\wamp64\www\MyPcProject\ThinkPHP\Lib\Template\ThinkTemplate.class.php Á¨¨ 404 Ë°å.
NOTIC: [8192] preg_replace(): The /e modifier is deprecated, use preg_replace_callback instead D:\wamp64\www\MyPcProject\ThinkPHP\Lib\Template\ThinkTemplate.class.php Á¨¨ 399 Ë°å.
NOTIC: [8192] preg_replace(): The /e modifier is deprecated, use preg_replace_callback instead D:\wamp64\www\MyPcProject\ThinkPHP\Lib\Template\ThinkTemplate.class.php Á¨¨ 399 Ë°å.
NOTIC: [8192] preg_replace(): The /e modifier is deprecated, use preg_replace_callback instead D:\wamp64\www\MyPcProject\ThinkPHP\Lib\Template\ThinkTemplate.class.php Á¨¨ 399 Ë°å.
NOTIC: [8192] preg_replace(): The /e modifier is deprecated, use preg_replace_callback instead D:\wamp64\www\MyPcProject\ThinkPHP\Lib\Template\ThinkTemplate.class.php Á¨¨ 399 Ë°å.
NOTIC: [8192] preg_replace(): The /e modifier is deprecated, use preg_replace_callback instead D:\wamp64\www\MyPcProject\ThinkPHP\Lib\Template\ThinkTemplate.class.php Á¨¨ 399 Ë°å.
NOTIC: [8192] preg_replace(): The /e modifier is deprecated, use preg_replace_callback instead D:\wamp64\www\MyPcProject\ThinkPHP\Lib\Template\ThinkTemplate.class.php Á¨¨ 399 Ë°å.
NOTIC: [8192] preg_replace(): The /e modifier is deprecated, use preg_replace_callback instead D:\wamp64\www\MyPcProject\ThinkPHP\Lib\Template\ThinkTemplate.class.php Á¨¨ 404 Ë°å.
NOTIC: [8192] preg_replace(): The /e modifier is deprecated, use preg_replace_callback instead D:\wamp64\www\MyPcProject\ThinkPHP\Lib\Template\ThinkTemplate.class.php Á¨¨ 404 Ë°å.
NOTIC: [8192] preg_replace(): The /e modifier is deprecated, use preg_replace_callback instead D:\wamp64\www\MyPcProject\ThinkPHP\Lib\Template\ThinkTemplate.class.php Á¨¨ 404 Ë°å.
NOTIC: [8192] preg_replace(): The /e modifier is deprecated, use preg_replace_callback instead D:\wamp64\www\MyPcProject\ThinkPHP\Lib\Template\ThinkTemplate.class.php Á¨¨ 197 Ë°å.
NOTIC: [8192] preg_replace(): The /e modifier is deprecated, use preg_replace_callback instead D:\wamp64\www\MyPcProject\ThinkPHP\Lib\Template\ThinkTemplate.class.php Á¨¨ 137 Ë°å.
INFO: ParseTemplate Behavior ::run [ RunTime:0.037715s ]
INFO: [ view_parse ] --END-- [ RunTime:0.037885s ]
INFO: [ view_filter ] --START--
INFO: ContentReplace Behavior ::run [ RunTime:0.000614s ]
INFO: TokenBuild Behavior ::run [ RunTime:0.000557s ]
INFO: WriteHtmlCache Behavior ::run [ RunTime:0.000272s ]
INFO: ShowRuntime Behavior ::run [ RunTime:0.000533s ]
INFO: [ view_filter ] --END-- [ RunTime:0.002340s ]
INFO: [ view_end ] --START--
INFO: ShowPageTrace Behavior ::run [ RunTime:0.000661s ]
INFO: [ view_end ] --END-- [ RunTime:0.000795s ]

[ 2017-08-11T17:04:44+08:00 ] 127.0.0.1 /MyPcProject/admin.php/Shop/index
INFO: [ route_check ] --START--
INFO: CheckRoute Behavior ::run [ RunTime:0.000645s ]
INFO: [ route_check ] --END-- [ RunTime:0.000834s ]
NOTIC: [8192] preg_replace(): The /e modifier is deprecated, use preg_replace_callback instead D:\wamp64\www\MyPcProject\ThinkPHP\Lib\Core\Dispatcher.class.php Á¨¨ 132 Ë°å.
INFO: [ app_begin ] --START--
INFO: ReadHtmlCache Behavior ::run [ RunTime:0.000511s ]
INFO: [ app_begin ] --END-- [ RunTime:0.000645s ]
INFO: [ view_parse ] --START--
NOTIC: [8192] preg_replace(): The /e modifier is deprecated, use preg_replace_callback instead D:\wamp64\www\MyPcProject\ThinkPHP\Lib\Template\ThinkTemplate.class.php Á¨¨ 273 Ë°å.
NOTIC: [8192] preg_replace(): The /e modifier is deprecated, use preg_replace_callback instead D:\wamp64\www\MyPcProject\ThinkPHP\Lib\Template\ThinkTemplate.class.php Á¨¨ 168 Ë°å.
NOTIC: [8192] preg_replace(): The /e modifier is deprecated, use preg_replace_callback instead D:\wamp64\www\MyPcProject\ThinkPHP\Lib\Template\ThinkTemplate.class.php Á¨¨ 404 Ë°å.
NOTIC: [8192] preg_replace(): The /e modifier is deprecated, use preg_replace_callback instead D:\wamp64\www\MyPcProject\ThinkPHP\Lib\Template\ThinkTemplate.class.php Á¨¨ 404 Ë°å.
NOTIC: [8192] preg_replace(): The /e modifier is deprecated, use preg_replace_callback instead D:\wamp64\www\MyPcProject\ThinkPHP\Lib\Template\ThinkTemplate.class.php Á¨¨ 404 Ë°å.
NOTIC: [8192] preg_replace(): The /e modifier is deprecated, use preg_replace_callback instead D:\wamp64\www\MyPcProject\ThinkPHP\Lib\Template\ThinkTemplate.class.php Á¨¨ 404 Ë°å.
NOTIC: [8192] preg_replace(): The /e modifier is deprecated, use preg_replace_callback instead D:\wamp64\www\MyPcProject\ThinkPHP\Lib\Template\ThinkTemplate.class.php Á¨¨ 404 Ë°å.
NOTIC: [8192] preg_replace(): The /e modifier is deprecated, use preg_replace_callback instead D:\wamp64\www\MyPcProject\ThinkPHP\Lib\Template\ThinkTemplate.class.php Á¨¨ 404 Ë°å.
NOTIC: [8192] preg_replace(): The /e modifier is deprecated, use preg_replace_callback instead D:\wamp64\www\MyPcProject\ThinkPHP\Lib\Template\ThinkTemplate.class.php Á¨¨ 404 Ë°å.
NOTIC: [8192] preg_replace(): The /e modifier is deprecated, use preg_replace_callback instead D:\wamp64\www\MyPcProject\ThinkPHP\Lib\Template\ThinkTemplate.class.php Á¨¨ 404 Ë°å.
NOTIC: [8192] preg_replace(): The /e modifier is deprecated, use preg_replace_callback instead D:\wamp64\www\MyPcProject\ThinkPHP\Lib\Template\ThinkTemplate.class.php Á¨¨ 404 Ë°å.
NOTIC: [8192] preg_replace(): The /e modifier is deprecated, use preg_replace_callback instead D:\wamp64\www\MyPcProject\ThinkPHP\Lib\Template\ThinkTemplate.class.php Á¨¨ 404 Ë°å.
NOTIC: [8192] preg_replace(): The /e modifier is deprecated, use preg_replace_callback instead D:\wamp64\www\MyPcProject\ThinkPHP\Lib\Template\ThinkTemplate.class.php Á¨¨ 404 Ë°å.
NOTIC: [8192] preg_replace(): The /e modifier is deprecated, use preg_replace_callback instead D:\wamp64\www\MyPcProject\ThinkPHP\Lib\Template\ThinkTemplate.class.php Á¨¨ 404 Ë°å.
NOTIC: [8192] preg_replace(): The /e modifier is deprecated, use preg_replace_callback instead D:\wamp64\www\MyPcProject\ThinkPHP\Lib\Template\ThinkTemplate.class.php Á¨¨ 399 Ë°å.
NOTIC: [8192] preg_replace(): The /e modifier is deprecated, use preg_replace_callback instead D:\wamp64\www\MyPcProject\ThinkPHP\Lib\Template\ThinkTemplate.class.php Á¨¨ 399 Ë°å.
NOTIC: [8192] preg_replace(): The /e modifier is deprecated, use preg_replace_callback instead D:\wamp64\www\MyPcProject\ThinkPHP\Lib\Template\ThinkTemplate.class.php Á¨¨ 404 Ë°å.
NOTIC: [8192] preg_replace(): The /e modifier is deprecated, use preg_replace_callback instead D:\wamp64\www\MyPcProject\ThinkPHP\Lib\Template\ThinkTemplate.class.php Á¨¨ 404 Ë°å.
NOTIC: [8192] preg_replace(): The /e modifier is deprecated, use preg_replace_callback instead D:\wamp64\www\MyPcProject\ThinkPHP\Lib\Template\ThinkTemplate.class.php Á¨¨ 404 Ë°å.
NOTIC: [8192] preg_replace(): The /e modifier is deprecated, use preg_replace_callback instead D:\wamp64\www\MyPcProject\ThinkPHP\Lib\Template\ThinkTemplate.class.php Á¨¨ 399 Ë°å.
NOTIC: [8192] preg_replace(): The /e modifier is deprecated, use preg_replace_callback instead D:\wamp64\www\MyPcProject\ThinkPHP\Lib\Template\ThinkTemplate.class.php Á¨¨ 404 Ë°å.
NOTIC: [8192] preg_replace(): The /e modifier is deprecated, use preg_replace_callback instead D:\wamp64\www\MyPcProject\ThinkPHP\Lib\Template\ThinkTemplate.class.php Á¨¨ 404 Ë°å.
NOTIC: [8192] preg_replace(): The /e modifier is deprecated, use preg_replace_callback instead D:\wamp64\www\MyPcProject\ThinkPHP\Lib\Template\ThinkTemplate.class.php Á¨¨ 404 Ë°å.
NOTIC: [8192] preg_replace(): The /e modifier is deprecated, use preg_replace_callback instead D:\wamp64\www\MyPcProject\ThinkPHP\Lib\Template\ThinkTemplate.class.php Á¨¨ 404 Ë°å.
NOTIC: [8192] preg_replace(): The /e modifier is deprecated, use preg_replace_callback instead D:\wamp64\www\MyPcProject\ThinkPHP\Lib\Template\ThinkTemplate.class.php Á¨¨ 404 Ë°å.
NOTIC: [8192] preg_replace(): The /e modifier is deprecated, use preg_replace_callback instead D:\wamp64\www\MyPcProject\ThinkPHP\Lib\Template\ThinkTemplate.class.php Á¨¨ 404 Ë°å.
NOTIC: [8192] preg_replace(): The /e modifier is deprecated, use preg_replace_callback instead D:\wamp64\www\MyPcProject\ThinkPHP\Lib\Template\ThinkTemplate.class.php Á¨¨ 404 Ë°å.
NOTIC: [8192] preg_replace(): The /e modifier is deprecated, use preg_replace_callback instead D:\wamp64\www\MyPcProject\ThinkPHP\Lib\Template\ThinkTemplate.class.php Á¨¨ 404 Ë°å.
NOTIC: [8192] preg_replace(): The /e modifier is deprecated, use preg_replace_callback instead D:\wamp64\www\MyPcProject\ThinkPHP\Lib\Template\ThinkTemplate.class.php Á¨¨ 404 Ë°å.
NOTIC: [8192] preg_replace(): The /e modifier is deprecated, use preg_replace_callback instead D:\wamp64\www\MyPcProject\ThinkPHP\Lib\Template\ThinkTemplate.class.php Á¨¨ 404 Ë°å.
NOTIC: [8192] preg_replace(): The /e modifier is deprecated, use preg_replace_callback instead D:\wamp64\www\MyPcProject\ThinkPHP\Lib\Template\ThinkTemplate.class.php Á¨¨ 404 Ë°å.
NOTIC: [8192] preg_replace(): The /e modifier is deprecated, use preg_replace_callback instead D:\wamp64\www\MyPcProject\ThinkPHP\Lib\Template\ThinkTemplate.class.php Á¨¨ 404 Ë°å.
NOTIC: [8192] preg_replace(): The /e modifier is deprecated, use preg_replace_callback instead D:\wamp64\www\MyPcProject\ThinkPHP\Lib\Template\ThinkTemplate.class.php Á¨¨ 404 Ë°å.
NOTIC: [8192] preg_replace(): The /e modifier is deprecated, use preg_replace_callback instead D:\wamp64\www\MyPcProject\ThinkPHP\Lib\Template\ThinkTemplate.class.php Á¨¨ 404 Ë°å.
NOTIC: [8192] preg_replace(): The /e modifier is deprecated, use preg_replace_callback instead D:\wamp64\www\MyPcProject\ThinkPHP\Lib\Template\ThinkTemplate.class.php Á¨¨ 404 Ë°å.
NOTIC: [8192] preg_replace(): The /e modifier is deprecated, use preg_replace_callback instead D:\wamp64\www\MyPcProject\ThinkPHP\Lib\Template\ThinkTemplate.class.php Á¨¨ 404 Ë°å.
NOTIC: [8192] preg_replace(): The /e modifier is deprecated, use preg_replace_callback instead D:\wamp64\www\MyPcProject\ThinkPHP\Lib\Template\ThinkTemplate.class.php Á¨¨ 404 Ë°å.
NOTIC: [8192] preg_replace(): The /e modifier is deprecated, use preg_replace_callback instead D:\wamp64\www\MyPcProject\ThinkPHP\Lib\Template\ThinkTemplate.class.php Á¨¨ 404 Ë°å.
NOTIC: [8192] preg_replace(): The /e modifier is deprecated, use preg_replace_callback instead D:\wamp64\www\MyPcProject\ThinkPHP\Lib\Template\ThinkTemplate.class.php Á¨¨ 404 Ë°å.
NOTIC: [8192] preg_replace(): The /e modifier is deprecated, use preg_replace_callback instead D:\wamp64\www\MyPcProject\ThinkPHP\Lib\Template\ThinkTemplate.class.php Á¨¨ 404 Ë°å.
NOTIC: [8192] preg_replace(): The /e modifier is deprecated, use preg_replace_callback instead D:\wamp64\www\MyPcProject\ThinkPHP\Lib\Template\ThinkTemplate.class.php Á¨¨ 404 Ë°å.
NOTIC: [8192] preg_replace(): The /e modifier is deprecated, use preg_replace_callback instead D:\wamp64\www\MyPcProject\ThinkPHP\Lib\Template\ThinkTemplate.class.php Á¨¨ 404 Ë°å.
NOTIC: [8192] preg_replace(): The /e modifier is deprecated, use preg_replace_callback instead D:\wamp64\www\MyPcProject\ThinkPHP\Lib\Template\ThinkTemplate.class.php Á¨¨ 404 Ë°å.
NOTIC: [8192] preg_replace(): The /e modifier is deprecated, use preg_replace_callback instead D:\wamp64\www\MyPcProject\ThinkPHP\Lib\Template\ThinkTemplate.class.php Á¨¨ 404 Ë°å.
NOTIC: [8192] preg_replace(): The /e modifier is deprecated, use preg_replace_callback instead D:\wamp64\www\MyPcProject\ThinkPHP\Lib\Template\ThinkTemplate.class.php Á¨¨ 404 Ë°å.
NOTIC: [8192] preg_replace(): The /e modifier is deprecated, use preg_replace_callback instead D:\wamp64\www\MyPcProject\ThinkPHP\Lib\Template\ThinkTemplate.class.php Á¨¨ 404 Ë°å.
NOTIC: [8192] preg_replace(): The /e modifier is deprecated, use preg_replace_callback instead D:\wamp64\www\MyPcProject\ThinkPHP\Lib\Template\ThinkTemplate.class.php Á¨¨ 404 Ë°å.
NOTIC: [8192] preg_replace(): The /e modifier is deprecated, use preg_replace_callback instead D:\wamp64\www\MyPcProject\ThinkPHP\Lib\Template\ThinkTemplate.class.php Á¨¨ 404 Ë°å.
NOTIC: [8192] preg_replace(): The /e modifier is deprecated, use preg_replace_callback instead D:\wamp64\www\MyPcProject\ThinkPHP\Lib\Template\ThinkTemplate.class.php Á¨¨ 404 Ë°å.
NOTIC: [8192] preg_replace(): The /e modifier is deprecated, use preg_replace_callback instead D:\wamp64\www\MyPcProject\ThinkPHP\Lib\Template\ThinkTemplate.class.php Á¨¨ 404 Ë°å.
NOTIC: [8192] preg_replace(): The /e modifier is deprecated, use preg_replace_callback instead D:\wamp64\www\MyPcProject\ThinkPHP\Lib\Template\ThinkTemplate.class.php Á¨¨ 404 Ë°å.
NOTIC: [8192] preg_replace(): The /e modifier is deprecated, use preg_replace_callback instead D:\wamp64\www\MyPcProject\ThinkPHP\Lib\Template\ThinkTemplate.class.php Á¨¨ 404 Ë°å.
NOTIC: [8192] preg_replace(): The /e modifier is deprecated, use preg_replace_callback instead D:\wamp64\www\MyPcProject\ThinkPHP\Lib\Template\ThinkTemplate.class.php Á¨¨ 404 Ë°å.
NOTIC: [8192] preg_replace(): The /e modifier is deprecated, use preg_replace_callback instead D:\wamp64\www\MyPcProject\ThinkPHP\Lib\Template\ThinkTemplate.class.php Á¨¨ 404 Ë°å.
NOTIC: [8192] preg_replace(): The /e modifier is deprecated, use preg_replace_callback instead D:\wamp64\www\MyPcProject\ThinkPHP\Lib\Template\ThinkTemplate.class.php Á¨¨ 404 Ë°å.
NOTIC: [8192] preg_replace(): The /e modifier is deprecated, use preg_replace_callback instead D:\wamp64\www\MyPcProject\ThinkPHP\Lib\Template\ThinkTemplate.class.php Á¨¨ 404 Ë°å.
NOTIC: [8192] preg_replace(): The /e modifier is deprecated, use preg_replace_callback instead D:\wamp64\www\MyPcProject\ThinkPHP\Lib\Template\ThinkTemplate.class.php Á¨¨ 404 Ë°å.
NOTIC: [8192] preg_replace(): The /e modifier is deprecated, use preg_replace_callback instead D:\wamp64\www\MyPcProject\ThinkPHP\Lib\Template\ThinkTemplate.class.php Á¨¨ 404 Ë°å.
NOTIC: [8192] preg_replace(): The /e modifier is deprecated, use preg_replace_callback instead D:\wamp64\www\MyPcProject\ThinkPHP\Lib\Template\ThinkTemplate.class.php Á¨¨ 404 Ë°å.
NOTIC: [8192] preg_replace(): The /e modifier is deprecated, use preg_replace_callback instead D:\wamp64\www\MyPcProject\ThinkPHP\Lib\Template\ThinkTemplate.class.php Á¨¨ 404 Ë°å.
NOTIC: [8192] preg_replace(): The /e modifier is deprecated, use preg_replace_callback instead D:\wamp64\www\MyPcProject\ThinkPHP\Lib\Template\ThinkTemplate.class.php Á¨¨ 404 Ë°å.
NOTIC: [8192] preg_replace(): The /e modifier is deprecated, use preg_replace_callback instead D:\wamp64\www\MyPcProject\ThinkPHP\Lib\Template\ThinkTemplate.class.php Á¨¨ 404 Ë°å.
NOTIC: [8192] preg_replace(): The /e modifier is deprecated, use preg_replace_callback instead D:\wamp64\www\MyPcProject\ThinkPHP\Lib\Template\ThinkTemplate.class.php Á¨¨ 404 Ë°å.
NOTIC: [8192] preg_replace(): The /e modifier is deprecated, use preg_replace_callback instead D:\wamp64\www\MyPcProject\ThinkPHP\Lib\Template\ThinkTemplate.class.php Á¨¨ 404 Ë°å.
NOTIC: [8192] preg_replace(): The /e modifier is deprecated, use preg_replace_callback instead D:\wamp64\www\MyPcProject\ThinkPHP\Lib\Template\ThinkTemplate.class.php Á¨¨ 404 Ë°å.
NOTIC: [8192] preg_replace(): The /e modifier is deprecated, use preg_replace_callback instead D:\wamp64\www\MyPcProject\ThinkPHP\Lib\Template\ThinkTemplate.class.php Á¨¨ 404 Ë°å.
NOTIC: [8192] preg_replace(): The /e modifier is deprecated, use preg_replace_callback instead D:\wamp64\www\MyPcProject\ThinkPHP\Lib\Template\ThinkTemplate.class.php Á¨¨ 404 Ë°å.
NOTIC: [8192] preg_replace(): The /e modifier is deprecated, use preg_replace_callback instead D:\wamp64\www\MyPcProject\ThinkPHP\Lib\Template\ThinkTemplate.class.php Á¨¨ 404 Ë°å.
NOTIC: [8192] preg_replace(): The /e modifier is deprecated, use preg_replace_callback instead D:\wamp64\www\MyPcProject\ThinkPHP\Lib\Template\ThinkTemplate.class.php Á¨¨ 404 Ë°å.
NOTIC: [8192] preg_replace(): The /e modifier is deprecated, use preg_replace_callback instead D:\wamp64\www\MyPcProject\ThinkPHP\Lib\Template\ThinkTemplate.class.php Á¨¨ 404 Ë°å.
NOTIC: [8192] preg_replace(): The /e modifier is deprecated, use preg_replace_callback instead D:\wamp64\www\MyPcProject\ThinkPHP\Lib\Template\ThinkTemplate.class.php Á¨¨ 404 Ë°å.
NOTIC: [8192] preg_replace(): The /e modifier is deprecated, use preg_replace_callback instead D:\wamp64\www\MyPcProject\ThinkPHP\Lib\Template\ThinkTemplate.class.php Á¨¨ 404 Ë°å.
NOTIC: [8192] preg_replace(): The /e modifier is deprecated, use preg_replace_callback instead D:\wamp64\www\MyPcProject\ThinkPHP\Lib\Template\ThinkTemplate.class.php Á¨¨ 404 Ë°å.
NOTIC: [8192] preg_replace(): The /e modifier is deprecated, use preg_replace_callback instead D:\wamp64\www\MyPcProject\ThinkPHP\Lib\Template\ThinkTemplate.class.php Á¨¨ 404 Ë°å.
NOTIC: [8192] preg_replace(): The /e modifier is deprecated, use preg_replace_callback instead D:\wamp64\www\MyPcProject\ThinkPHP\Lib\Template\ThinkTemplate.class.php Á¨¨ 404 Ë°å.
NOTIC: [8192] preg_replace(): The /e modifier is deprecated, use preg_replace_callback instead D:\wamp64\www\MyPcProject\ThinkPHP\Lib\Template\ThinkTemplate.class.php Á¨¨ 404 Ë°å.
NOTIC: [8192] preg_replace(): The /e modifier is deprecated, use preg_replace_callback instead D:\wamp64\www\MyPcProject\ThinkPHP\Lib\Template\ThinkTemplate.class.php Á¨¨ 404 Ë°å.
NOTIC: [8192] preg_replace(): The /e modifier is deprecated, use preg_replace_callback instead D:\wamp64\www\MyPcProject\ThinkPHP\Lib\Template\ThinkTemplate.class.php Á¨¨ 404 Ë°å.
NOTIC: [8192] preg_replace(): The /e modifier is deprecated, use preg_replace_callback instead D:\wamp64\www\MyPcProject\ThinkPHP\Lib\Template\ThinkTemplate.class.php Á¨¨ 404 Ë°å.
NOTIC: [8192] preg_replace(): The /e modifier is deprecated, use preg_replace_callback instead D:\wamp64\www\MyPcProject\ThinkPHP\Lib\Template\ThinkTemplate.class.php Á¨¨ 404 Ë°å.
NOTIC: [8192] preg_replace(): The /e modifier is deprecated, use preg_replace_callback instead D:\wamp64\www\MyPcProject\ThinkPHP\Lib\Template\ThinkTemplate.class.php Á¨¨ 404 Ë°å.
NOTIC: [8192] preg_replace(): The /e modifier is deprecated, use preg_replace_callback instead D:\wamp64\www\MyPcProject\ThinkPHP\Lib\Template\ThinkTemplate.class.php Á¨¨ 404 Ë°å.
NOTIC: [8192] preg_replace(): The /e modifier is deprecated, use preg_replace_callback instead D:\wamp64\www\MyPcProject\ThinkPHP\Lib\Template\ThinkTemplate.class.php Á¨¨ 404 Ë°å.
NOTIC: [8192] preg_replace(): The /e modifier is deprecated, use preg_replace_callback instead D:\wamp64\www\MyPcProject\ThinkPHP\Lib\Template\ThinkTemplate.class.php Á¨¨ 404 Ë°å.
NOTIC: [8192] preg_replace(): The /e modifier is deprecated, use preg_replace_callback instead D:\wamp64\www\MyPcProject\ThinkPHP\Lib\Template\ThinkTemplate.class.php Á¨¨ 404 Ë°å.
NOTIC: [8192] preg_replace(): The /e modifier is deprecated, use preg_replace_callback instead D:\wamp64\www\MyPcProject\ThinkPHP\Lib\Template\ThinkTemplate.class.php Á¨¨ 404 Ë°å.
NOTIC: [8192] preg_replace(): The /e modifier is deprecated, use preg_replace_callback instead D:\wamp64\www\MyPcProject\ThinkPHP\Lib\Template\ThinkTemplate.class.php Á¨¨ 399 Ë°å.
NOTIC: [8192] preg_replace(): The /e modifier is deprecated, use preg_replace_callback instead D:\wamp64\www\MyPcProject\ThinkPHP\Lib\Template\ThinkTemplate.class.php Á¨¨ 399 Ë°å.
NOTIC: [8192] preg_replace(): The /e modifier is deprecated, use preg_replace_callback instead D:\wamp64\www\MyPcProject\ThinkPHP\Lib\Template\ThinkTemplate.class.php Á¨¨ 399 Ë°å.
NOTIC: [8192] preg_replace(): The /e modifier is deprecated, use preg_replace_callback instead D:\wamp64\www\MyPcProject\ThinkPHP\Lib\Template\ThinkTemplate.class.php Á¨¨ 399 Ë°å.
NOTIC: [8192] preg_replace(): The /e modifier is deprecated, use preg_replace_callback instead D:\wamp64\www\MyPcProject\ThinkPHP\Lib\Template\ThinkTemplate.class.php Á¨¨ 399 Ë°å.
NOTIC: [8192] preg_replace(): The /e modifier is deprecated, use preg_replace_callback instead D:\wamp64\www\MyPcProject\ThinkPHP\Lib\Template\ThinkTemplate.class.php Á¨¨ 399 Ë°å.
NOTIC: [8192] preg_replace(): The /e modifier is deprecated, use preg_replace_callback instead D:\wamp64\www\MyPcProject\ThinkPHP\Lib\Template\ThinkTemplate.class.php Á¨¨ 404 Ë°å.
NOTIC: [8192] preg_replace(): The /e modifier is deprecated, use preg_replace_callback instead D:\wamp64\www\MyPcProject\ThinkPHP\Lib\Template\ThinkTemplate.class.php Á¨¨ 404 Ë°å.
NOTIC: [8192] preg_replace(): The /e modifier is deprecated, use preg_replace_callback instead D:\wamp64\www\MyPcProject\ThinkPHP\Lib\Template\ThinkTemplate.class.php Á¨¨ 404 Ë°å.
NOTIC: [8192] preg_replace(): The /e modifier is deprecated, use preg_replace_callback instead D:\wamp64\www\MyPcProject\ThinkPHP\Lib\Template\ThinkTemplate.class.php Á¨¨ 197 Ë°å.
NOTIC: [8192] preg_replace(): The /e modifier is deprecated, use preg_replace_callback instead D:\wamp64\www\MyPcProject\ThinkPHP\Lib\Template\ThinkTemplate.class.php Á¨¨ 137 Ë°å.
INFO: ParseTemplate Behavior ::run [ RunTime:0.014618s ]
INFO: [ view_parse ] --END-- [ RunTime:0.014775s ]
INFO: [ view_filter ] --START--
INFO: ContentReplace Behavior ::run [ RunTime:0.000591s ]
INFO: TokenBuild Behavior ::run [ RunTime:0.000556s ]
INFO: WriteHtmlCache Behavior ::run [ RunTime:0.000275s ]
INFO: ShowRuntime Behavior ::run [ RunTime:0.000540s ]
INFO: [ view_filter ] --END-- [ RunTime:0.002315s ]
INFO: [ view_end ] --START--
INFO: ShowPageTrace Behavior ::run [ RunTime:0.000658s ]
INFO: [ view_end ] --END-- [ RunTime:0.000791s ]

[ 2017-08-11T17:04:44+08:00 ] 127.0.0.1 /MyPcProject/admin.php/Shop/simpleList
INFO: [ route_check ] --START--
INFO: CheckRoute Behavior ::run [ RunTime:0.000636s ]
INFO: [ route_check ] --END-- [ RunTime:0.000818s ]
NOTIC: [8192] preg_replace(): The /e modifier is deprecated, use preg_replace_callback instead D:\wamp64\www\MyPcProject\ThinkPHP\Lib\Core\Dispatcher.class.php Á¨¨ 132 Ë°å.
INFO: [ app_begin ] --START--
INFO: ReadHtmlCache Behavior ::run [ RunTime:0.000515s ]
INFO: [ app_begin ] --END-- [ RunTime:0.000652s ]
NOTIC: [8192] mysql_connect(): The mysql extension is deprecated and will be removed in the future: use mysqli or PDO instead D:\wamp64\www\MyPcProject\ThinkPHP\Lib\Driver\Db\DbMysql.class.php Á¨¨ 55 Ë°å.
SQL: SHOW COLUMNS FROM `admin_shop` [ RunTime:0.037829s ]
SQL: SHOW COLUMNS FROM `admin_images` [ RunTime:0.032053s ]
NOTIC: [8192] preg_replace(): The /e modifier is deprecated, use preg_replace_callback instead D:\wamp64\www\MyPcProject\ThinkPHP\Lib\Core\Db.class.php Á¨¨ 605 Ë°å.
SQL: SELECT * FROM `admin_images` ORDER BY addtime DESC  [ RunTime:0.076819s ]

